CRITICAL - 2023-03-03 00:14:32 --> Undefined variable $config
in APPPATH\Views\extranet\components\header.php on line 3.
 1 APPPATH\Views\extranet\components\header.php(3): CodeIgniter\Debug\Exceptions->errorHandler(2, 'Undefined variable $config', 'APPPATH\\Views\\extranet\\components\\header.php', 3)
 2 SYSTEMPATH\View\View.php(213): include('APPPATH\\Views\\extranet\\components\\header.php')
 3 SYSTEMPATH\View\View.php(216): CodeIgniter\View\View->CodeIgniter\View\{closure}()
 4 SYSTEMPATH\View\View.php(431): CodeIgniter\View\View->render('extranet/components/header', null, true)
 5 APPPATH\Views\extranet\home\index.php(15): CodeIgniter\View\View->include('extranet/components/header')
 6 SYSTEMPATH\View\View.php(213): include('APPPATH\\Views\\extranet\\home\\index.php')
 7 SYSTEMPATH\View\View.php(216): CodeIgniter\View\View->CodeIgniter\View\{closure}()
 8 SYSTEMPATH\Common.php(1135): CodeIgniter\View\View->render('extranet/home/index', [], true)
 9 APPPATH\Controllers\Extranet\HomeExtranetController.php(9): view('extranet/home/index')
10 SYSTEMPATH\CodeIgniter.php(925): App\Controllers\Extranet\HomeExtranetController->index()
11 SYSTEMPATH\CodeIgniter.php(480): CodeIgniter\CodeIgniter->runController(Object(App\Controllers\Extranet\HomeExtranetController))
12 SYSTEMPATH\CodeIgniter.php(349): CodeIgniter\CodeIgniter->handleRequest(null, Object(Config\Cache), false)
13 FCPATH\index.php(67): CodeIgniter\CodeIgniter->run()
14 SYSTEMPATH\Commands\Server\rewrite.php(47): require_once('FCPATH\\index.php')
ERROR - 2023-03-03 00:26:13 --> mysqli_sql_exception: Table 'nadi-app.social_media' doesn't exist in C:\xampp-8-1-12\htdocs\nadi-app\system\Database\MySQLi\Connection.php:292
Stack trace:
#0 C:\xampp-8-1-12\htdocs\nadi-app\system\Database\MySQLi\Connection.php(292): mysqli->query('SELECT *\nFROM `...', 0)
#1 C:\xampp-8-1-12\htdocs\nadi-app\system\Database\BaseConnection.php(666): CodeIgniter\Database\MySQLi\Connection->execute('SELECT *\nFROM `...')
#2 C:\xampp-8-1-12\htdocs\nadi-app\system\Database\BaseConnection.php(593): CodeIgniter\Database\BaseConnection->simpleQuery('SELECT *\nFROM `...')
#3 C:\xampp-8-1-12\htdocs\nadi-app\system\Database\BaseBuilder.php(1585): CodeIgniter\Database\BaseConnection->query('SELECT *\nFROM `...', Array, false)
#4 C:\xampp-8-1-12\htdocs\nadi-app\system\Model.php(805): CodeIgniter\Database\BaseBuilder->get()
#5 C:\xampp-8-1-12\htdocs\nadi-app\app\Controllers\Frontend\Homecontroller.php(28): CodeIgniter\Model->__call('get', Array)
#6 C:\xampp-8-1-12\htdocs\nadi-app\system\CodeIgniter.php(925): App\Controllers\Frontend\Homecontroller->index()
#7 C:\xampp-8-1-12\htdocs\nadi-app\system\CodeIgniter.php(480): CodeIgniter\CodeIgniter->runController(Object(App\Controllers\Frontend\Homecontroller))
#8 C:\xampp-8-1-12\htdocs\nadi-app\system\CodeIgniter.php(349): CodeIgniter\CodeIgniter->handleRequest(NULL, Object(Config\Cache), false)
#9 C:\xampp-8-1-12\htdocs\nadi-app\public\index.php(67): CodeIgniter\CodeIgniter->run()
#10 C:\xampp-8-1-12\htdocs\nadi-app\system\Commands\Server\rewrite.php(47): require_once('C:\\xampp-8-1-12...')
#11 {main}
CRITICAL - 2023-03-03 00:26:13 --> Table 'nadi-app.social_media' doesn't exist
in SYSTEMPATH\Database\MySQLi\Connection.php on line 292.
 1 SYSTEMPATH\Database\MySQLi\Connection.php(292): mysqli->query('SELECT *
FROM `social_media`', 0)
 2 SYSTEMPATH\Database\BaseConnection.php(666): CodeIgniter\Database\MySQLi\Connection->execute('SELECT *
FROM `social_media`')
 3 SYSTEMPATH\Database\BaseConnection.php(593): CodeIgniter\Database\BaseConnection->simpleQuery('SELECT *
FROM `social_media`')
 4 SYSTEMPATH\Database\BaseBuilder.php(1585): CodeIgniter\Database\BaseConnection->query('SELECT *
FROM `social_media`', [], false)
 5 SYSTEMPATH\Model.php(805): CodeIgniter\Database\BaseBuilder->get()
 6 APPPATH\Controllers\Frontend\Homecontroller.php(28): CodeIgniter\Model->__call('get', [])
 7 SYSTEMPATH\CodeIgniter.php(925): App\Controllers\Frontend\Homecontroller->index()
 8 SYSTEMPATH\CodeIgniter.php(480): CodeIgniter\CodeIgniter->runController(Object(App\Controllers\Frontend\Homecontroller))
 9 SYSTEMPATH\CodeIgniter.php(349): CodeIgniter\CodeIgniter->handleRequest(null, Object(Config\Cache), false)
10 FCPATH\index.php(67): CodeIgniter\CodeIgniter->run()
11 SYSTEMPATH\Commands\Server\rewrite.php(47): require_once('FCPATH\\index.php')
ERROR - 2023-03-03 00:32:23 --> mysqli_sql_exception: Table 'nadi-app.social_media' doesn't exist in C:\xampp-8-1-12\htdocs\nadi-app\system\Database\MySQLi\Connection.php:292
Stack trace:
#0 C:\xampp-8-1-12\htdocs\nadi-app\system\Database\MySQLi\Connection.php(292): mysqli->query('SELECT *\nFROM `...', 0)
#1 C:\xampp-8-1-12\htdocs\nadi-app\system\Database\BaseConnection.php(666): CodeIgniter\Database\MySQLi\Connection->execute('SELECT *\nFROM `...')
#2 C:\xampp-8-1-12\htdocs\nadi-app\system\Database\BaseConnection.php(593): CodeIgniter\Database\BaseConnection->simpleQuery('SELECT *\nFROM `...')
#3 C:\xampp-8-1-12\htdocs\nadi-app\system\Database\BaseBuilder.php(1585): CodeIgniter\Database\BaseConnection->query('SELECT *\nFROM `...', Array, false)
#4 C:\xampp-8-1-12\htdocs\nadi-app\system\Model.php(805): CodeIgniter\Database\BaseBuilder->get()
#5 C:\xampp-8-1-12\htdocs\nadi-app\app\Controllers\Frontend\OurappsController.php(18): CodeIgniter\Model->__call('get', Array)
#6 C:\xampp-8-1-12\htdocs\nadi-app\system\CodeIgniter.php(925): App\Controllers\Frontend\OurappsController->index()
#7 C:\xampp-8-1-12\htdocs\nadi-app\system\CodeIgniter.php(480): CodeIgniter\CodeIgniter->runController(Object(App\Controllers\Frontend\OurappsController))
#8 C:\xampp-8-1-12\htdocs\nadi-app\system\CodeIgniter.php(349): CodeIgniter\CodeIgniter->handleRequest(NULL, Object(Config\Cache), false)
#9 C:\xampp-8-1-12\htdocs\nadi-app\public\index.php(67): CodeIgniter\CodeIgniter->run()
#10 C:\xampp-8-1-12\htdocs\nadi-app\system\Commands\Server\rewrite.php(47): require_once('C:\\xampp-8-1-12...')
#11 {main}
CRITICAL - 2023-03-03 00:32:23 --> Table 'nadi-app.social_media' doesn't exist
in SYSTEMPATH\Database\MySQLi\Connection.php on line 292.
 1 SYSTEMPATH\Database\MySQLi\Connection.php(292): mysqli->query('SELECT *
FROM `social_media`', 0)
 2 SYSTEMPATH\Database\BaseConnection.php(666): CodeIgniter\Database\MySQLi\Connection->execute('SELECT *
FROM `social_media`')
 3 SYSTEMPATH\Database\BaseConnection.php(593): CodeIgniter\Database\BaseConnection->simpleQuery('SELECT *
FROM `social_media`')
 4 SYSTEMPATH\Database\BaseBuilder.php(1585): CodeIgniter\Database\BaseConnection->query('SELECT *
FROM `social_media`', [], false)
 5 SYSTEMPATH\Model.php(805): CodeIgniter\Database\BaseBuilder->get()
 6 APPPATH\Controllers\Frontend\OurappsController.php(18): CodeIgniter\Model->__call('get', [])
 7 SYSTEMPATH\CodeIgniter.php(925): App\Controllers\Frontend\OurappsController->index()
 8 SYSTEMPATH\CodeIgniter.php(480): CodeIgniter\CodeIgniter->runController(Object(App\Controllers\Frontend\OurappsController))
 9 SYSTEMPATH\CodeIgniter.php(349): CodeIgniter\CodeIgniter->handleRequest(null, Object(Config\Cache), false)
10 FCPATH\index.php(67): CodeIgniter\CodeIgniter->run()
11 SYSTEMPATH\Commands\Server\rewrite.php(47): require_once('FCPATH\\index.php')
CRITICAL - 2023-03-03 00:55:34 --> Undefined variable $services
in APPPATH\Views\frontend\home\index.php on line 61.
 1 APPPATH\Views\frontend\home\index.php(61): CodeIgniter\Debug\Exceptions->errorHandler(2, 'Undefined variable $services', 'APPPATH\\Views\\frontend\\home\\index.php', 61)
 2 SYSTEMPATH\View\View.php(213): include('APPPATH\\Views\\frontend\\home\\index.php')
 3 SYSTEMPATH\View\View.php(216): CodeIgniter\View\View->CodeIgniter\View\{closure}()
 4 SYSTEMPATH\Common.php(1135): CodeIgniter\View\View->render('frontend/home/index', [], true)
 5 APPPATH\Controllers\Frontend\GetStartedController.php(14): view('frontend/home/index', [...])
 6 SYSTEMPATH\CodeIgniter.php(925): App\Controllers\Frontend\GetStartedController->index()
 7 SYSTEMPATH\CodeIgniter.php(480): CodeIgniter\CodeIgniter->runController(Object(App\Controllers\Frontend\GetStartedController))
 8 SYSTEMPATH\CodeIgniter.php(349): CodeIgniter\CodeIgniter->handleRequest(null, Object(Config\Cache), false)
 9 FCPATH\index.php(67): CodeIgniter\CodeIgniter->run()
10 SYSTEMPATH\Commands\Server\rewrite.php(47): require_once('FCPATH\\index.php')
CRITICAL - 2023-03-03 00:58:19 --> Undefined property: stdClass::$faveicon
in APPPATH\Views\frontend\ourapps\index.php on line 18.
 1 APPPATH\Views\frontend\ourapps\index.php(18): CodeIgniter\Debug\Exceptions->errorHandler(2, 'Undefined property: stdClass::$faveicon', 'APPPATH\\Views\\frontend\\ourapps\\index.php', 18)
 2 SYSTEMPATH\View\View.php(213): include('APPPATH\\Views\\frontend\\ourapps\\index.php')
 3 SYSTEMPATH\View\View.php(216): CodeIgniter\View\View->CodeIgniter\View\{closure}()
 4 SYSTEMPATH\Common.php(1135): CodeIgniter\View\View->render('frontend/ourapps/index', [], true)
 5 APPPATH\Controllers\Frontend\OurappsController.php(18): view('frontend/ourapps/index', [...])
 6 SYSTEMPATH\CodeIgniter.php(925): App\Controllers\Frontend\OurappsController->index()
 7 SYSTEMPATH\CodeIgniter.php(480): CodeIgniter\CodeIgniter->runController(Object(App\Controllers\Frontend\OurappsController))
 8 SYSTEMPATH\CodeIgniter.php(349): CodeIgniter\CodeIgniter->handleRequest(null, Object(Config\Cache), false)
 9 FCPATH\index.php(67): CodeIgniter\CodeIgniter->run()
10 SYSTEMPATH\Commands\Server\rewrite.php(47): require_once('FCPATH\\index.php')
