CRITICAL - 2023-03-02 22:04:13 --> Undefined variable $config
in APPPATH\Views\extranet\components\header.php on line 3.
 1 APPPATH\Views\extranet\components\header.php(3): CodeIgniter\Debug\Exceptions->errorHandler(2, 'Undefined variable $config', 'APPPATH\\Views\\extranet\\components\\header.php', 3)
 2 SYSTEMPATH\View\View.php(213): include('APPPATH\\Views\\extranet\\components\\header.php')
 3 SYSTEMPATH\View\View.php(216): CodeIgniter\View\View->CodeIgniter\View\{closure}()
 4 SYSTEMPATH\View\View.php(431): CodeIgniter\View\View->render('extranet/components/header', null, true)
 5 APPPATH\Views\extranet\home\index.php(15): CodeIgniter\View\View->include('extranet/components/header')
 6 SYSTEMPATH\View\View.php(213): include('APPPATH\\Views\\extranet\\home\\index.php')
 7 SYSTEMPATH\View\View.php(216): CodeIgniter\View\View->CodeIgniter\View\{closure}()
 8 SYSTEMPATH\Common.php(1135): CodeIgniter\View\View->render('extranet/home/index', [], true)
 9 APPPATH\Controllers\Extranet\Extranethomecontroller.php(9): view('extranet/home/index')
10 SYSTEMPATH\CodeIgniter.php(925): App\Controllers\Extranet\Extranethomecontroller->index()
11 SYSTEMPATH\CodeIgniter.php(480): CodeIgniter\CodeIgniter->runController(Object(App\Controllers\Extranet\Extranethomecontroller))
12 SYSTEMPATH\CodeIgniter.php(349): CodeIgniter\CodeIgniter->handleRequest(null, Object(Config\Cache), false)
13 FCPATH\index.php(67): CodeIgniter\CodeIgniter->run()
14 SYSTEMPATH\Commands\Server\rewrite.php(47): require_once('FCPATH\\index.php')
CRITICAL - 2023-03-02 22:13:02 --> Undefined variable $config
in APPPATH\Views\extranet\components\header.php on line 3.
 1 APPPATH\Views\extranet\components\header.php(3): CodeIgniter\Debug\Exceptions->errorHandler(2, 'Undefined variable $config', 'APPPATH\\Views\\extranet\\components\\header.php', 3)
 2 SYSTEMPATH\View\View.php(213): include('APPPATH\\Views\\extranet\\components\\header.php')
 3 SYSTEMPATH\View\View.php(216): CodeIgniter\View\View->CodeIgniter\View\{closure}()
 4 SYSTEMPATH\View\View.php(431): CodeIgniter\View\View->render('extranet/components/header', null, true)
 5 APPPATH\Views\extranet\home\index.php(15): CodeIgniter\View\View->include('extranet/components/header')
 6 SYSTEMPATH\View\View.php(213): include('APPPATH\\Views\\extranet\\home\\index.php')
 7 SYSTEMPATH\View\View.php(216): CodeIgniter\View\View->CodeIgniter\View\{closure}()
 8 SYSTEMPATH\Common.php(1135): CodeIgniter\View\View->render('extranet/home/index', [], true)
 9 APPPATH\Controllers\Extranet\Extranethomecontroller.php(9): view('extranet/home/index')
10 SYSTEMPATH\CodeIgniter.php(925): App\Controllers\Extranet\Extranethomecontroller->index()
11 SYSTEMPATH\CodeIgniter.php(480): CodeIgniter\CodeIgniter->runController(Object(App\Controllers\Extranet\Extranethomecontroller))
12 SYSTEMPATH\CodeIgniter.php(349): CodeIgniter\CodeIgniter->handleRequest(null, Object(Config\Cache), false)
13 FCPATH\index.php(67): CodeIgniter\CodeIgniter->run()
14 SYSTEMPATH\Commands\Server\rewrite.php(47): require_once('FCPATH\\index.php')
