ERROR - 2023-01-11 22:27:43 --> mysqli_sql_exception: Table 'nadi-app.configuration' doesn't exist in C:\xampp-8-1-12\htdocs\nadi-app\system\Database\MySQLi\Connection.php:292
Stack trace:
#0 C:\xampp-8-1-12\htdocs\nadi-app\system\Database\MySQLi\Connection.php(292): mysqli->query('SELECT *\nFROM `...', 0)
#1 C:\xampp-8-1-12\htdocs\nadi-app\system\Database\BaseConnection.php(666): CodeIgniter\Database\MySQLi\Connection->execute('SELECT *\nFROM `...')
#2 C:\xampp-8-1-12\htdocs\nadi-app\system\Database\BaseConnection.php(593): CodeIgniter\Database\BaseConnection->simpleQuery('SELECT *\nFROM `...')
#3 C:\xampp-8-1-12\htdocs\nadi-app\system\Database\BaseBuilder.php(1585): CodeIgniter\Database\BaseConnection->query('SELECT *\nFROM `...', Array, false)
#4 C:\xampp-8-1-12\htdocs\nadi-app\system\Model.php(805): CodeIgniter\Database\BaseBuilder->get()
#5 C:\xampp-8-1-12\htdocs\nadi-app\app\Controllers\Frontend\Authcontroller.php(19): CodeIgniter\Model->__call('get', Array)
#6 C:\xampp-8-1-12\htdocs\nadi-app\system\CodeIgniter.php(925): App\Controllers\Frontend\Authcontroller->index()
#7 C:\xampp-8-1-12\htdocs\nadi-app\system\CodeIgniter.php(480): CodeIgniter\CodeIgniter->runController(Object(App\Controllers\Frontend\Authcontroller))
#8 C:\xampp-8-1-12\htdocs\nadi-app\system\CodeIgniter.php(349): CodeIgniter\CodeIgniter->handleRequest(NULL, Object(Config\Cache), false)
#9 C:\xampp-8-1-12\htdocs\nadi-app\public\index.php(67): CodeIgniter\CodeIgniter->run()
#10 C:\xampp-8-1-12\htdocs\nadi-app\system\Commands\Server\rewrite.php(47): require_once('C:\\xampp-8-1-12...')
#11 {main}
CRITICAL - 2023-01-11 22:27:43 --> Table 'nadi-app.configuration' doesn't exist
in SYSTEMPATH\Database\MySQLi\Connection.php on line 292.
 1 SYSTEMPATH\Database\MySQLi\Connection.php(292): mysqli->query('SELECT *
FROM `configuration`', 0)
 2 SYSTEMPATH\Database\BaseConnection.php(666): CodeIgniter\Database\MySQLi\Connection->execute('SELECT *
FROM `configuration`')
 3 SYSTEMPATH\Database\BaseConnection.php(593): CodeIgniter\Database\BaseConnection->simpleQuery('SELECT *
FROM `configuration`')
 4 SYSTEMPATH\Database\BaseBuilder.php(1585): CodeIgniter\Database\BaseConnection->query('SELECT *
FROM `configuration`', [], false)
 5 SYSTEMPATH\Model.php(805): CodeIgniter\Database\BaseBuilder->get()
 6 APPPATH\Controllers\Frontend\Authcontroller.php(19): CodeIgniter\Model->__call('get', [])
 7 SYSTEMPATH\CodeIgniter.php(925): App\Controllers\Frontend\Authcontroller->index()
 8 SYSTEMPATH\CodeIgniter.php(480): CodeIgniter\CodeIgniter->runController(Object(App\Controllers\Frontend\Authcontroller))
 9 SYSTEMPATH\CodeIgniter.php(349): CodeIgniter\CodeIgniter->handleRequest(null, Object(Config\Cache), false)
10 FCPATH\index.php(67): CodeIgniter\CodeIgniter->run()
11 SYSTEMPATH\Commands\Server\rewrite.php(47): require_once('FCPATH\\index.php')
ERROR - 2023-01-11 22:28:45 --> mysqli_sql_exception: Table 'nadi-app.configuration' doesn't exist in C:\xampp-8-1-12\htdocs\nadi-app\system\Database\MySQLi\Connection.php:292
Stack trace:
#0 C:\xampp-8-1-12\htdocs\nadi-app\system\Database\MySQLi\Connection.php(292): mysqli->query('SELECT *\nFROM `...', 0)
#1 C:\xampp-8-1-12\htdocs\nadi-app\system\Database\BaseConnection.php(666): CodeIgniter\Database\MySQLi\Connection->execute('SELECT *\nFROM `...')
#2 C:\xampp-8-1-12\htdocs\nadi-app\system\Database\BaseConnection.php(593): CodeIgniter\Database\BaseConnection->simpleQuery('SELECT *\nFROM `...')
#3 C:\xampp-8-1-12\htdocs\nadi-app\system\Database\BaseBuilder.php(1585): CodeIgniter\Database\BaseConnection->query('SELECT *\nFROM `...', Array, false)
#4 C:\xampp-8-1-12\htdocs\nadi-app\system\Model.php(805): CodeIgniter\Database\BaseBuilder->get()
#5 C:\xampp-8-1-12\htdocs\nadi-app\app\Controllers\Frontend\Authcontroller.php(19): CodeIgniter\Model->__call('get', Array)
#6 C:\xampp-8-1-12\htdocs\nadi-app\system\CodeIgniter.php(925): App\Controllers\Frontend\Authcontroller->index()
#7 C:\xampp-8-1-12\htdocs\nadi-app\system\CodeIgniter.php(480): CodeIgniter\CodeIgniter->runController(Object(App\Controllers\Frontend\Authcontroller))
#8 C:\xampp-8-1-12\htdocs\nadi-app\system\CodeIgniter.php(349): CodeIgniter\CodeIgniter->handleRequest(NULL, Object(Config\Cache), false)
#9 C:\xampp-8-1-12\htdocs\nadi-app\public\index.php(67): CodeIgniter\CodeIgniter->run()
#10 C:\xampp-8-1-12\htdocs\nadi-app\system\Commands\Server\rewrite.php(47): require_once('C:\\xampp-8-1-12...')
#11 {main}
CRITICAL - 2023-01-11 22:28:45 --> Table 'nadi-app.configuration' doesn't exist
in SYSTEMPATH\Database\MySQLi\Connection.php on line 292.
 1 SYSTEMPATH\Database\MySQLi\Connection.php(292): mysqli->query('SELECT *
FROM `configuration`', 0)
 2 SYSTEMPATH\Database\BaseConnection.php(666): CodeIgniter\Database\MySQLi\Connection->execute('SELECT *
FROM `configuration`')
 3 SYSTEMPATH\Database\BaseConnection.php(593): CodeIgniter\Database\BaseConnection->simpleQuery('SELECT *
FROM `configuration`')
 4 SYSTEMPATH\Database\BaseBuilder.php(1585): CodeIgniter\Database\BaseConnection->query('SELECT *
FROM `configuration`', [], false)
 5 SYSTEMPATH\Model.php(805): CodeIgniter\Database\BaseBuilder->get()
 6 APPPATH\Controllers\Frontend\Authcontroller.php(19): CodeIgniter\Model->__call('get', [])
 7 SYSTEMPATH\CodeIgniter.php(925): App\Controllers\Frontend\Authcontroller->index()
 8 SYSTEMPATH\CodeIgniter.php(480): CodeIgniter\CodeIgniter->runController(Object(App\Controllers\Frontend\Authcontroller))
 9 SYSTEMPATH\CodeIgniter.php(349): CodeIgniter\CodeIgniter->handleRequest(null, Object(Config\Cache), false)
10 FCPATH\index.php(67): CodeIgniter\CodeIgniter->run()
11 SYSTEMPATH\Commands\Server\rewrite.php(47): require_once('FCPATH\\index.php')
ERROR - 2023-01-11 22:31:15 --> mysqli_sql_exception: Table 'nadi-app.configuration' doesn't exist in C:\xampp-8-1-12\htdocs\nadi-app\system\Database\MySQLi\Connection.php:292
Stack trace:
#0 C:\xampp-8-1-12\htdocs\nadi-app\system\Database\MySQLi\Connection.php(292): mysqli->query('SELECT *\nFROM `...', 0)
#1 C:\xampp-8-1-12\htdocs\nadi-app\system\Database\BaseConnection.php(666): CodeIgniter\Database\MySQLi\Connection->execute('SELECT *\nFROM `...')
#2 C:\xampp-8-1-12\htdocs\nadi-app\system\Database\BaseConnection.php(593): CodeIgniter\Database\BaseConnection->simpleQuery('SELECT *\nFROM `...')
#3 C:\xampp-8-1-12\htdocs\nadi-app\system\Database\BaseBuilder.php(1585): CodeIgniter\Database\BaseConnection->query('SELECT *\nFROM `...', Array, false)
#4 C:\xampp-8-1-12\htdocs\nadi-app\system\Model.php(805): CodeIgniter\Database\BaseBuilder->get()
#5 C:\xampp-8-1-12\htdocs\nadi-app\app\Controllers\Frontend\Authcontroller.php(19): CodeIgniter\Model->__call('get', Array)
#6 C:\xampp-8-1-12\htdocs\nadi-app\system\CodeIgniter.php(925): App\Controllers\Frontend\Authcontroller->index()
#7 C:\xampp-8-1-12\htdocs\nadi-app\system\CodeIgniter.php(480): CodeIgniter\CodeIgniter->runController(Object(App\Controllers\Frontend\Authcontroller))
#8 C:\xampp-8-1-12\htdocs\nadi-app\system\CodeIgniter.php(349): CodeIgniter\CodeIgniter->handleRequest(NULL, Object(Config\Cache), false)
#9 C:\xampp-8-1-12\htdocs\nadi-app\public\index.php(67): CodeIgniter\CodeIgniter->run()
#10 C:\xampp-8-1-12\htdocs\nadi-app\system\Commands\Server\rewrite.php(47): require_once('C:\\xampp-8-1-12...')
#11 {main}
CRITICAL - 2023-01-11 22:31:15 --> Table 'nadi-app.configuration' doesn't exist
in SYSTEMPATH\Database\MySQLi\Connection.php on line 292.
 1 SYSTEMPATH\Database\MySQLi\Connection.php(292): mysqli->query('SELECT *
FROM `configuration`', 0)
 2 SYSTEMPATH\Database\BaseConnection.php(666): CodeIgniter\Database\MySQLi\Connection->execute('SELECT *
FROM `configuration`')
 3 SYSTEMPATH\Database\BaseConnection.php(593): CodeIgniter\Database\BaseConnection->simpleQuery('SELECT *
FROM `configuration`')
 4 SYSTEMPATH\Database\BaseBuilder.php(1585): CodeIgniter\Database\BaseConnection->query('SELECT *
FROM `configuration`', [], false)
 5 SYSTEMPATH\Model.php(805): CodeIgniter\Database\BaseBuilder->get()
 6 APPPATH\Controllers\Frontend\Authcontroller.php(19): CodeIgniter\Model->__call('get', [])
 7 SYSTEMPATH\CodeIgniter.php(925): App\Controllers\Frontend\Authcontroller->index()
 8 SYSTEMPATH\CodeIgniter.php(480): CodeIgniter\CodeIgniter->runController(Object(App\Controllers\Frontend\Authcontroller))
 9 SYSTEMPATH\CodeIgniter.php(349): CodeIgniter\CodeIgniter->handleRequest(null, Object(Config\Cache), false)
10 FCPATH\index.php(67): CodeIgniter\CodeIgniter->run()
11 SYSTEMPATH\Commands\Server\rewrite.php(47): require_once('FCPATH\\index.php')
