CRITICAL - 2023-03-04 00:28:30 --> Invalid file: frontend/preview/clinic001/.php
in SYSTEMPATH\Exceptions\FrameworkException.php on line 33.
 1 SYSTEMPATH\View\View.php(201): CodeIgniter\Exceptions\FrameworkException::forInvalidFile('frontend/preview/clinic001/.php')
 2 SYSTEMPATH\Common.php(1135): CodeIgniter\View\View->render('frontend/preview/clinic001/', [], true)
 3 APPPATH\Controllers\Frontend\PreviewController.php(20): view('frontend/preview/clinic001/', [...])
 4 SYSTEMPATH\CodeIgniter.php(925): App\Controllers\Frontend\PreviewController->index()
 5 SYSTEMPATH\CodeIgniter.php(480): CodeIgniter\CodeIgniter->runController(Object(App\Controllers\Frontend\PreviewController))
 6 SYSTEMPATH\CodeIgniter.php(349): CodeIgniter\CodeIgniter->handleRequest(null, Object(Config\Cache), false)
 7 FCPATH\index.php(67): CodeIgniter\CodeIgniter->run()
 8 SYSTEMPATH\Commands\Server\rewrite.php(47): require_once('FCPATH\\index.php')
CRITICAL - 2023-03-04 00:28:47 --> Invalid file: frontend/preview/clinic001/index.php
in SYSTEMPATH\Exceptions\FrameworkException.php on line 33.
 1 SYSTEMPATH\View\View.php(201): CodeIgniter\Exceptions\FrameworkException::forInvalidFile('frontend/preview/clinic001/index.php')
 2 SYSTEMPATH\Common.php(1135): CodeIgniter\View\View->render('frontend/preview/clinic001/index.php', [], true)
 3 APPPATH\Controllers\Frontend\PreviewController.php(20): view('frontend/preview/clinic001/index.php', [...])
 4 SYSTEMPATH\CodeIgniter.php(925): App\Controllers\Frontend\PreviewController->index()
 5 SYSTEMPATH\CodeIgniter.php(480): CodeIgniter\CodeIgniter->runController(Object(App\Controllers\Frontend\PreviewController))
 6 SYSTEMPATH\CodeIgniter.php(349): CodeIgniter\CodeIgniter->handleRequest(null, Object(Config\Cache), false)
 7 FCPATH\index.php(67): CodeIgniter\CodeIgniter->run()
 8 SYSTEMPATH\Commands\Server\rewrite.php(47): require_once('FCPATH\\index.php')
CRITICAL - 2023-03-04 00:29:15 --> Invalid file: frontend/preview/clinic001/index.php
in SYSTEMPATH\Exceptions\FrameworkException.php on line 33.
 1 SYSTEMPATH\View\View.php(201): CodeIgniter\Exceptions\FrameworkException::forInvalidFile('frontend/preview/clinic001/index.php')
 2 SYSTEMPATH\Common.php(1135): CodeIgniter\View\View->render('frontend/preview/clinic001/index.php', [], true)
 3 APPPATH\Controllers\Frontend\PreviewController.php(20): view('frontend/preview/clinic001/index.php', [...])
 4 SYSTEMPATH\CodeIgniter.php(925): App\Controllers\Frontend\PreviewController->index()
 5 SYSTEMPATH\CodeIgniter.php(480): CodeIgniter\CodeIgniter->runController(Object(App\Controllers\Frontend\PreviewController))
 6 SYSTEMPATH\CodeIgniter.php(349): CodeIgniter\CodeIgniter->handleRequest(null, Object(Config\Cache), false)
 7 FCPATH\index.php(67): CodeIgniter\CodeIgniter->run()
 8 SYSTEMPATH\Commands\Server\rewrite.php(47): require_once('FCPATH\\index.php')
CRITICAL - 2023-03-04 00:32:20 --> Undefined property: stdClass::$name
in APPPATH\Views\frontend\preview\clinic001\home\index.php on line 5.
 1 APPPATH\Views\frontend\preview\clinic001\home\index.php(5): CodeIgniter\Debug\Exceptions->errorHandler(2, 'Undefined property: stdClass::$name', 'APPPATH\\Views\\frontend\\preview\\clinic001\\home\\index.php', 5)
 2 SYSTEMPATH\View\View.php(213): include('APPPATH\\Views\\frontend\\preview\\clinic001\\home\\index.php')
 3 SYSTEMPATH\View\View.php(216): CodeIgniter\View\View->CodeIgniter\View\{closure}()
 4 SYSTEMPATH\Common.php(1135): CodeIgniter\View\View->render('frontend/preview/clinic001/home/index.php', [], true)
 5 APPPATH\Controllers\Frontend\PreviewController.php(20): view('frontend/preview/clinic001/home/index.php', [...])
 6 SYSTEMPATH\CodeIgniter.php(925): App\Controllers\Frontend\PreviewController->index()
 7 SYSTEMPATH\CodeIgniter.php(480): CodeIgniter\CodeIgniter->runController(Object(App\Controllers\Frontend\PreviewController))
 8 SYSTEMPATH\CodeIgniter.php(349): CodeIgniter\CodeIgniter->handleRequest(null, Object(Config\Cache), false)
 9 FCPATH\index.php(67): CodeIgniter\CodeIgniter->run()
10 SYSTEMPATH\Commands\Server\rewrite.php(47): require_once('FCPATH\\index.php')
CRITICAL - 2023-03-04 00:52:15 --> Undefined variable $app_id
in APPPATH\Views\frontend\get_started\index.php on line 32.
 1 APPPATH\Views\frontend\get_started\index.php(32): CodeIgniter\Debug\Exceptions->errorHandler(2, 'Undefined variable $app_id', 'APPPATH\\Views\\frontend\\get_started\\index.php', 32)
 2 SYSTEMPATH\View\View.php(213): include('APPPATH\\Views\\frontend\\get_started\\index.php')
 3 SYSTEMPATH\View\View.php(216): CodeIgniter\View\View->CodeIgniter\View\{closure}()
 4 SYSTEMPATH\Common.php(1135): CodeIgniter\View\View->render('frontend/get_started/index', [], true)
 5 APPPATH\Controllers\Frontend\GetStartedController.php(19): view('frontend/get_started/index', [...])
 6 SYSTEMPATH\CodeIgniter.php(925): App\Controllers\Frontend\GetStartedController->index()
 7 SYSTEMPATH\CodeIgniter.php(480): CodeIgniter\CodeIgniter->runController(Object(App\Controllers\Frontend\GetStartedController))
 8 SYSTEMPATH\CodeIgniter.php(349): CodeIgniter\CodeIgniter->handleRequest(null, Object(Config\Cache), false)
 9 FCPATH\index.php(67): CodeIgniter\CodeIgniter->run()
10 SYSTEMPATH\Commands\Server\rewrite.php(47): require_once('FCPATH\\index.php')
CRITICAL - 2023-03-04 00:52:38 --> Undefined variable $app_id
in APPPATH\Views\frontend\get_started\index.php on line 32.
 1 APPPATH\Views\frontend\get_started\index.php(32): CodeIgniter\Debug\Exceptions->errorHandler(2, 'Undefined variable $app_id', 'APPPATH\\Views\\frontend\\get_started\\index.php', 32)
 2 SYSTEMPATH\View\View.php(213): include('APPPATH\\Views\\frontend\\get_started\\index.php')
 3 SYSTEMPATH\View\View.php(216): CodeIgniter\View\View->CodeIgniter\View\{closure}()
 4 SYSTEMPATH\Common.php(1135): CodeIgniter\View\View->render('frontend/get_started/index', [], true)
 5 APPPATH\Controllers\Frontend\GetStartedController.php(19): view('frontend/get_started/index', [...])
 6 SYSTEMPATH\CodeIgniter.php(925): App\Controllers\Frontend\GetStartedController->index()
 7 SYSTEMPATH\CodeIgniter.php(480): CodeIgniter\CodeIgniter->runController(Object(App\Controllers\Frontend\GetStartedController))
 8 SYSTEMPATH\CodeIgniter.php(349): CodeIgniter\CodeIgniter->handleRequest(null, Object(Config\Cache), false)
 9 FCPATH\index.php(67): CodeIgniter\CodeIgniter->run()
10 SYSTEMPATH\Commands\Server\rewrite.php(47): require_once('FCPATH\\index.php')
CRITICAL - 2023-03-04 00:56:43 --> Undefined variable $app_id
in APPPATH\Views\frontend\get_started\index.php on line 32.
 1 APPPATH\Views\frontend\get_started\index.php(32): CodeIgniter\Debug\Exceptions->errorHandler(2, 'Undefined variable $app_id', 'APPPATH\\Views\\frontend\\get_started\\index.php', 32)
 2 SYSTEMPATH\View\View.php(213): include('APPPATH\\Views\\frontend\\get_started\\index.php')
 3 SYSTEMPATH\View\View.php(216): CodeIgniter\View\View->CodeIgniter\View\{closure}()
 4 SYSTEMPATH\Common.php(1135): CodeIgniter\View\View->render('frontend/get_started/index', [], true)
 5 APPPATH\Controllers\Frontend\GetStartedController.php(19): view('frontend/get_started/index', [...])
 6 SYSTEMPATH\CodeIgniter.php(925): App\Controllers\Frontend\GetStartedController->index()
 7 SYSTEMPATH\CodeIgniter.php(480): CodeIgniter\CodeIgniter->runController(Object(App\Controllers\Frontend\GetStartedController))
 8 SYSTEMPATH\CodeIgniter.php(349): CodeIgniter\CodeIgniter->handleRequest(null, Object(Config\Cache), false)
 9 FCPATH\index.php(67): CodeIgniter\CodeIgniter->run()
10 SYSTEMPATH\Commands\Server\rewrite.php(47): require_once('FCPATH\\index.php')
CRITICAL - 2023-03-04 00:57:33 --> Undefined variable $app_id
in APPPATH\Views\frontend\get_started\index.php on line 32.
 1 APPPATH\Views\frontend\get_started\index.php(32): CodeIgniter\Debug\Exceptions->errorHandler(2, 'Undefined variable $app_id', 'APPPATH\\Views\\frontend\\get_started\\index.php', 32)
 2 SYSTEMPATH\View\View.php(213): include('APPPATH\\Views\\frontend\\get_started\\index.php')
 3 SYSTEMPATH\View\View.php(216): CodeIgniter\View\View->CodeIgniter\View\{closure}()
 4 SYSTEMPATH\Common.php(1135): CodeIgniter\View\View->render('frontend/get_started/index', [], true)
 5 APPPATH\Controllers\Frontend\GetStartedController.php(19): view('frontend/get_started/index', [...])
 6 SYSTEMPATH\CodeIgniter.php(925): App\Controllers\Frontend\GetStartedController->index()
 7 SYSTEMPATH\CodeIgniter.php(480): CodeIgniter\CodeIgniter->runController(Object(App\Controllers\Frontend\GetStartedController))
 8 SYSTEMPATH\CodeIgniter.php(349): CodeIgniter\CodeIgniter->handleRequest(null, Object(Config\Cache), false)
 9 FCPATH\index.php(67): CodeIgniter\CodeIgniter->run()
10 SYSTEMPATH\Commands\Server\rewrite.php(47): require_once('FCPATH\\index.php')
CRITICAL - 2023-03-04 01:11:51 --> Undefined variable $app_types
in APPPATH\Views\frontend\get_started\index.php on line 31.
 1 APPPATH\Views\frontend\get_started\index.php(31): CodeIgniter\Debug\Exceptions->errorHandler(2, 'Undefined variable $app_types', 'APPPATH\\Views\\frontend\\get_started\\index.php', 31)
 2 SYSTEMPATH\View\View.php(213): include('APPPATH\\Views\\frontend\\get_started\\index.php')
 3 SYSTEMPATH\View\View.php(216): CodeIgniter\View\View->CodeIgniter\View\{closure}()
 4 SYSTEMPATH\Common.php(1135): CodeIgniter\View\View->render('frontend/get_started/index', [], true)
 5 APPPATH\Controllers\Frontend\GetStartedController.php(33): view('frontend/get_started/index', [...])
 6 SYSTEMPATH\CodeIgniter.php(925): App\Controllers\Frontend\GetStartedController->register('d44b7c7e-b1c8-11ed-80f6-c465162ee099')
 7 SYSTEMPATH\CodeIgniter.php(480): CodeIgniter\CodeIgniter->runController(Object(App\Controllers\Frontend\GetStartedController))
 8 SYSTEMPATH\CodeIgniter.php(349): CodeIgniter\CodeIgniter->handleRequest(null, Object(Config\Cache), false)
 9 FCPATH\index.php(67): CodeIgniter\CodeIgniter->run()
10 SYSTEMPATH\Commands\Server\rewrite.php(47): require_once('FCPATH\\index.php')
CRITICAL - 2023-03-04 02:39:34 --> Undefined variable $app_types
in APPPATH\Views\frontend\get_started\index.php on line 31.
 1 APPPATH\Views\frontend\get_started\index.php(31): CodeIgniter\Debug\Exceptions->errorHandler(2, 'Undefined variable $app_types', 'APPPATH\\Views\\frontend\\get_started\\index.php', 31)
 2 SYSTEMPATH\View\View.php(213): include('APPPATH\\Views\\frontend\\get_started\\index.php')
 3 SYSTEMPATH\View\View.php(216): CodeIgniter\View\View->CodeIgniter\View\{closure}()
 4 SYSTEMPATH\Common.php(1135): CodeIgniter\View\View->render('frontend/get_started/index', [], true)
 5 APPPATH\Controllers\Frontend\GetStartedController.php(33): view('frontend/get_started/index', [...])
 6 SYSTEMPATH\CodeIgniter.php(925): App\Controllers\Frontend\GetStartedController->register('d44b7c7e-b1c8-11ed-80f6-c465162ee099')
 7 SYSTEMPATH\CodeIgniter.php(480): CodeIgniter\CodeIgniter->runController(Object(App\Controllers\Frontend\GetStartedController))
 8 SYSTEMPATH\CodeIgniter.php(349): CodeIgniter\CodeIgniter->handleRequest(null, Object(Config\Cache), false)
 9 FCPATH\index.php(67): CodeIgniter\CodeIgniter->run()
10 SYSTEMPATH\Commands\Server\rewrite.php(47): require_once('FCPATH\\index.php')
CRITICAL - 2023-03-04 03:47:49 --> The route for "https://demo.nadi-app.com" cannot be found.
in SYSTEMPATH\HTTP\RedirectResponse.php on line 60.
 1 SYSTEMPATH\HTTP\RedirectResponse.php(60): CodeIgniter\HTTP\Exceptions\HTTPException::forInvalidRedirectRoute('https://demo.nadi-app.com')
 2 SYSTEMPATH\Common.php(861): CodeIgniter\HTTP\RedirectResponse->route(false)
 3 APPPATH\Controllers\Frontend\GetStartedController.php(55): redirect('https://demo.nadi-app.com')
 4 SYSTEMPATH\CodeIgniter.php(925): App\Controllers\Frontend\GetStartedController->store()
 5 SYSTEMPATH\CodeIgniter.php(480): CodeIgniter\CodeIgniter->runController(Object(App\Controllers\Frontend\GetStartedController))
 6 SYSTEMPATH\CodeIgniter.php(349): CodeIgniter\CodeIgniter->handleRequest(null, Object(Config\Cache), false)
 7 FCPATH\index.php(67): CodeIgniter\CodeIgniter->run()
 8 SYSTEMPATH\Commands\Server\rewrite.php(47): require_once('FCPATH\\index.php')
CRITICAL - 2023-03-04 03:51:39 --> The route for "http://www.yahoo.com" cannot be found.
in SYSTEMPATH\HTTP\RedirectResponse.php on line 60.
 1 SYSTEMPATH\HTTP\RedirectResponse.php(60): CodeIgniter\HTTP\Exceptions\HTTPException::forInvalidRedirectRoute('http://www.yahoo.com')
 2 SYSTEMPATH\Common.php(861): CodeIgniter\HTTP\RedirectResponse->route(false)
 3 APPPATH\Controllers\Frontend\GetStartedController.php(55): redirect('http://www.yahoo.com', 'refresh')
 4 SYSTEMPATH\CodeIgniter.php(925): App\Controllers\Frontend\GetStartedController->store()
 5 SYSTEMPATH\CodeIgniter.php(480): CodeIgniter\CodeIgniter->runController(Object(App\Controllers\Frontend\GetStartedController))
 6 SYSTEMPATH\CodeIgniter.php(349): CodeIgniter\CodeIgniter->handleRequest(null, Object(Config\Cache), false)
 7 FCPATH\index.php(67): CodeIgniter\CodeIgniter->run()
 8 SYSTEMPATH\Commands\Server\rewrite.php(47): require_once('FCPATH\\index.php')
CRITICAL - 2023-03-04 08:27:44 --> The route for "http://www.yahoo.com" cannot be found.
in SYSTEMPATH\HTTP\RedirectResponse.php on line 60.
 1 SYSTEMPATH\HTTP\RedirectResponse.php(60): CodeIgniter\HTTP\Exceptions\HTTPException::forInvalidRedirectRoute('http://www.yahoo.com')
 2 SYSTEMPATH\Common.php(861): CodeIgniter\HTTP\RedirectResponse->route(false)
 3 APPPATH\Controllers\Frontend\GetStartedController.php(55): redirect('http://www.yahoo.com', 'refresh')
 4 SYSTEMPATH\CodeIgniter.php(925): App\Controllers\Frontend\GetStartedController->store()
 5 SYSTEMPATH\CodeIgniter.php(480): CodeIgniter\CodeIgniter->runController(Object(App\Controllers\Frontend\GetStartedController))
 6 SYSTEMPATH\CodeIgniter.php(349): CodeIgniter\CodeIgniter->handleRequest(null, Object(Config\Cache), false)
 7 FCPATH\index.php(67): CodeIgniter\CodeIgniter->run()
 8 SYSTEMPATH\Commands\Server\rewrite.php(47): require_once('FCPATH\\index.php')
CRITICAL - 2023-03-04 08:30:08 --> The route for "http://www.yahoo.com" cannot be found.
in SYSTEMPATH\HTTP\RedirectResponse.php on line 60.
 1 SYSTEMPATH\HTTP\RedirectResponse.php(60): CodeIgniter\HTTP\Exceptions\HTTPException::forInvalidRedirectRoute('http://www.yahoo.com')
 2 SYSTEMPATH\Common.php(861): CodeIgniter\HTTP\RedirectResponse->route(false)
 3 APPPATH\Controllers\Frontend\GetStartedController.php(55): redirect('http://www.yahoo.com', 'refresh')
 4 SYSTEMPATH\CodeIgniter.php(925): App\Controllers\Frontend\GetStartedController->store()
 5 SYSTEMPATH\CodeIgniter.php(480): CodeIgniter\CodeIgniter->runController(Object(App\Controllers\Frontend\GetStartedController))
 6 SYSTEMPATH\CodeIgniter.php(349): CodeIgniter\CodeIgniter->handleRequest(null, Object(Config\Cache), false)
 7 FCPATH\index.php(67): CodeIgniter\CodeIgniter->run()
 8 SYSTEMPATH\Commands\Server\rewrite.php(47): require_once('FCPATH\\index.php')
CRITICAL - 2023-03-04 08:30:50 --> The route for "http://www.yahoo.com" cannot be found.
in SYSTEMPATH\HTTP\RedirectResponse.php on line 60.
 1 SYSTEMPATH\HTTP\RedirectResponse.php(60): CodeIgniter\HTTP\Exceptions\HTTPException::forInvalidRedirectRoute('http://www.yahoo.com')
 2 SYSTEMPATH\Common.php(861): CodeIgniter\HTTP\RedirectResponse->route(false)
 3 APPPATH\Controllers\Frontend\GetStartedController.php(55): redirect('http://www.yahoo.com')
 4 SYSTEMPATH\CodeIgniter.php(925): App\Controllers\Frontend\GetStartedController->store()
 5 SYSTEMPATH\CodeIgniter.php(480): CodeIgniter\CodeIgniter->runController(Object(App\Controllers\Frontend\GetStartedController))
 6 SYSTEMPATH\CodeIgniter.php(349): CodeIgniter\CodeIgniter->handleRequest(null, Object(Config\Cache), false)
 7 FCPATH\index.php(67): CodeIgniter\CodeIgniter->run()
 8 SYSTEMPATH\Commands\Server\rewrite.php(47): require_once('FCPATH\\index.php')
CRITICAL - 2023-03-04 08:33:02 --> The route for "http://www.tutorialspoint.com/computer_graphics/index.htm" cannot be found.
in SYSTEMPATH\HTTP\RedirectResponse.php on line 60.
 1 SYSTEMPATH\HTTP\RedirectResponse.php(60): CodeIgniter\HTTP\Exceptions\HTTPException::forInvalidRedirectRoute('http://www.tutorialspoint.com/computer_graphics/index.htm')
 2 SYSTEMPATH\Common.php(861): CodeIgniter\HTTP\RedirectResponse->route(false)
 3 APPPATH\Controllers\Frontend\GetStartedController.php(56): redirect('http://www.tutorialspoint.com/computer_graphics/index.htm')
 4 SYSTEMPATH\CodeIgniter.php(925): App\Controllers\Frontend\GetStartedController->store()
 5 SYSTEMPATH\CodeIgniter.php(480): CodeIgniter\CodeIgniter->runController(Object(App\Controllers\Frontend\GetStartedController))
 6 SYSTEMPATH\CodeIgniter.php(349): CodeIgniter\CodeIgniter->handleRequest(null, Object(Config\Cache), false)
 7 FCPATH\index.php(67): CodeIgniter\CodeIgniter->run()
 8 SYSTEMPATH\Commands\Server\rewrite.php(47): require_once('FCPATH\\index.php')
CRITICAL - 2023-03-04 08:37:19 --> The route for "http://www.yahoo.com" cannot be found.
in SYSTEMPATH\HTTP\RedirectResponse.php on line 60.
 1 SYSTEMPATH\HTTP\RedirectResponse.php(60): CodeIgniter\HTTP\Exceptions\HTTPException::forInvalidRedirectRoute('http://www.yahoo.com')
 2 SYSTEMPATH\Common.php(861): CodeIgniter\HTTP\RedirectResponse->route(false)
 3 APPPATH\Controllers\Frontend\GetStartedController.php(63): redirect('http://www.yahoo.com', 'refresh')
 4 SYSTEMPATH\CodeIgniter.php(925): App\Controllers\Frontend\GetStartedController->store()
 5 SYSTEMPATH\CodeIgniter.php(480): CodeIgniter\CodeIgniter->runController(Object(App\Controllers\Frontend\GetStartedController))
 6 SYSTEMPATH\CodeIgniter.php(349): CodeIgniter\CodeIgniter->handleRequest(null, Object(Config\Cache), false)
 7 FCPATH\index.php(67): CodeIgniter\CodeIgniter->run()
 8 SYSTEMPATH\Commands\Server\rewrite.php(47): require_once('FCPATH\\index.php')
CRITICAL - 2023-03-04 09:05:27 --> Undefined variable $trial_domain
in APPPATH\Controllers\Frontend\GetStartedController.php on line 56.
 1 APPPATH\Controllers\Frontend\GetStartedController.php(56): CodeIgniter\Debug\Exceptions->errorHandler(2, 'Undefined variable $trial_domain', 'APPPATH\\Controllers\\Frontend\\GetStartedController.php', 56)
 2 SYSTEMPATH\CodeIgniter.php(925): App\Controllers\Frontend\GetStartedController->store()
 3 SYSTEMPATH\CodeIgniter.php(480): CodeIgniter\CodeIgniter->runController(Object(App\Controllers\Frontend\GetStartedController))
 4 SYSTEMPATH\CodeIgniter.php(349): CodeIgniter\CodeIgniter->handleRequest(null, Object(Config\Cache), false)
 5 FCPATH\index.php(67): CodeIgniter\CodeIgniter->run()
 6 SYSTEMPATH\Commands\Server\rewrite.php(47): require_once('FCPATH\\index.php')
CRITICAL - 2023-03-04 09:06:37 --> Undefined variable $trial_domain
in APPPATH\Controllers\Frontend\GetStartedController.php on line 56.
 1 APPPATH\Controllers\Frontend\GetStartedController.php(56): CodeIgniter\Debug\Exceptions->errorHandler(2, 'Undefined variable $trial_domain', 'APPPATH\\Controllers\\Frontend\\GetStartedController.php', 56)
 2 SYSTEMPATH\CodeIgniter.php(925): App\Controllers\Frontend\GetStartedController->store()
 3 SYSTEMPATH\CodeIgniter.php(480): CodeIgniter\CodeIgniter->runController(Object(App\Controllers\Frontend\GetStartedController))
 4 SYSTEMPATH\CodeIgniter.php(349): CodeIgniter\CodeIgniter->handleRequest(null, Object(Config\Cache), false)
 5 FCPATH\index.php(67): CodeIgniter\CodeIgniter->run()
 6 SYSTEMPATH\Commands\Server\rewrite.php(47): require_once('FCPATH\\index.php')
CRITICAL - 2023-03-04 09:07:29 --> Undefined variable $session
in APPPATH\Controllers\Frontend\GetStartedController.php on line 57.
 1 APPPATH\Controllers\Frontend\GetStartedController.php(57): CodeIgniter\Debug\Exceptions->errorHandler(2, 'Undefined variable $session', 'APPPATH\\Controllers\\Frontend\\GetStartedController.php', 57)
 2 SYSTEMPATH\CodeIgniter.php(925): App\Controllers\Frontend\GetStartedController->store()
 3 SYSTEMPATH\CodeIgniter.php(480): CodeIgniter\CodeIgniter->runController(Object(App\Controllers\Frontend\GetStartedController))
 4 SYSTEMPATH\CodeIgniter.php(349): CodeIgniter\CodeIgniter->handleRequest(null, Object(Config\Cache), false)
 5 FCPATH\index.php(67): CodeIgniter\CodeIgniter->run()
 6 SYSTEMPATH\Commands\Server\rewrite.php(47): require_once('FCPATH\\index.php')
CRITICAL - 2023-03-04 09:09:06 --> Undefined variable $session
in APPPATH\Controllers\Frontend\GetStartedController.php on line 66.
 1 APPPATH\Controllers\Frontend\GetStartedController.php(66): CodeIgniter\Debug\Exceptions->errorHandler(2, 'Undefined variable $session', 'APPPATH\\Controllers\\Frontend\\GetStartedController.php', 66)
 2 SYSTEMPATH\CodeIgniter.php(925): App\Controllers\Frontend\GetStartedController->redirect()
 3 SYSTEMPATH\CodeIgniter.php(480): CodeIgniter\CodeIgniter->runController(Object(App\Controllers\Frontend\GetStartedController))
 4 SYSTEMPATH\CodeIgniter.php(349): CodeIgniter\CodeIgniter->handleRequest(null, Object(Config\Cache), false)
 5 FCPATH\index.php(67): CodeIgniter\CodeIgniter->run()
 6 SYSTEMPATH\Commands\Server\rewrite.php(47): require_once('FCPATH\\index.php')
CRITICAL - 2023-03-04 09:15:28 --> Undefined variable $config
in APPPATH\Views\frontend\components\styles.php on line 4.
 1 APPPATH\Views\frontend\components\styles.php(4): CodeIgniter\Debug\Exceptions->errorHandler(2, 'Undefined variable $config', 'APPPATH\\Views\\frontend\\components\\styles.php', 4)
 2 SYSTEMPATH\View\View.php(213): include('APPPATH\\Views\\frontend\\components\\styles.php')
 3 SYSTEMPATH\View\View.php(216): CodeIgniter\View\View->CodeIgniter\View\{closure}()
 4 SYSTEMPATH\View\View.php(431): CodeIgniter\View\View->render('frontend/components/styles', null, true)
 5 APPPATH\Views\frontend\get_started\redirect.php(6): CodeIgniter\View\View->include('frontend/components/styles')
 6 SYSTEMPATH\View\View.php(213): include('APPPATH\\Views\\frontend\\get_started\\redirect.php')
 7 SYSTEMPATH\View\View.php(216): CodeIgniter\View\View->CodeIgniter\View\{closure}()
 8 SYSTEMPATH\Common.php(1135): CodeIgniter\View\View->render('frontend/get_started/redirect', [], true)
 9 APPPATH\Controllers\Frontend\GetStartedController.php(59): view('frontend/get_started/redirect', [...])
10 SYSTEMPATH\CodeIgniter.php(925): App\Controllers\Frontend\GetStartedController->store()
11 SYSTEMPATH\CodeIgniter.php(480): CodeIgniter\CodeIgniter->runController(Object(App\Controllers\Frontend\GetStartedController))
12 SYSTEMPATH\CodeIgniter.php(349): CodeIgniter\CodeIgniter->handleRequest(null, Object(Config\Cache), false)
13 FCPATH\index.php(67): CodeIgniter\CodeIgniter->run()
14 SYSTEMPATH\Commands\Server\rewrite.php(47): require_once('FCPATH\\index.php')
CRITICAL - 2023-03-04 09:15:49 --> Undefined variable $config
in APPPATH\Views\frontend\components\styles.php on line 4.
 1 APPPATH\Views\frontend\components\styles.php(4): CodeIgniter\Debug\Exceptions->errorHandler(2, 'Undefined variable $config', 'APPPATH\\Views\\frontend\\components\\styles.php', 4)
 2 SYSTEMPATH\View\View.php(213): include('APPPATH\\Views\\frontend\\components\\styles.php')
 3 SYSTEMPATH\View\View.php(216): CodeIgniter\View\View->CodeIgniter\View\{closure}()
 4 SYSTEMPATH\View\View.php(431): CodeIgniter\View\View->render('frontend/components/styles', null, true)
 5 APPPATH\Views\frontend\get_started\redirect.php(6): CodeIgniter\View\View->include('frontend/components/styles')
 6 SYSTEMPATH\View\View.php(213): include('APPPATH\\Views\\frontend\\get_started\\redirect.php')
 7 SYSTEMPATH\View\View.php(216): CodeIgniter\View\View->CodeIgniter\View\{closure}()
 8 SYSTEMPATH\Common.php(1135): CodeIgniter\View\View->render('frontend/get_started/redirect', [], true)
 9 APPPATH\Controllers\Frontend\GetStartedController.php(59): view('frontend/get_started/redirect', [...])
10 SYSTEMPATH\CodeIgniter.php(925): App\Controllers\Frontend\GetStartedController->store()
11 SYSTEMPATH\CodeIgniter.php(480): CodeIgniter\CodeIgniter->runController(Object(App\Controllers\Frontend\GetStartedController))
12 SYSTEMPATH\CodeIgniter.php(349): CodeIgniter\CodeIgniter->handleRequest(null, Object(Config\Cache), false)
13 FCPATH\index.php(67): CodeIgniter\CodeIgniter->run()
14 SYSTEMPATH\Commands\Server\rewrite.php(47): require_once('FCPATH\\index.php')
CRITICAL - 2023-03-04 09:16:02 --> Undefined variable $config
in APPPATH\Views\frontend\components\styles.php on line 4.
 1 APPPATH\Views\frontend\components\styles.php(4): CodeIgniter\Debug\Exceptions->errorHandler(2, 'Undefined variable $config', 'APPPATH\\Views\\frontend\\components\\styles.php', 4)
 2 SYSTEMPATH\View\View.php(213): include('APPPATH\\Views\\frontend\\components\\styles.php')
 3 SYSTEMPATH\View\View.php(216): CodeIgniter\View\View->CodeIgniter\View\{closure}()
 4 SYSTEMPATH\View\View.php(431): CodeIgniter\View\View->render('frontend/components/styles', null, true)
 5 APPPATH\Views\frontend\get_started\redirect.php(6): CodeIgniter\View\View->include('frontend/components/styles')
 6 SYSTEMPATH\View\View.php(213): include('APPPATH\\Views\\frontend\\get_started\\redirect.php')
 7 SYSTEMPATH\View\View.php(216): CodeIgniter\View\View->CodeIgniter\View\{closure}()
 8 SYSTEMPATH\Common.php(1135): CodeIgniter\View\View->render('frontend/get_started/redirect', [], true)
 9 APPPATH\Controllers\Frontend\GetStartedController.php(59): view('frontend/get_started/redirect', [...])
10 SYSTEMPATH\CodeIgniter.php(925): App\Controllers\Frontend\GetStartedController->store()
11 SYSTEMPATH\CodeIgniter.php(480): CodeIgniter\CodeIgniter->runController(Object(App\Controllers\Frontend\GetStartedController))
12 SYSTEMPATH\CodeIgniter.php(349): CodeIgniter\CodeIgniter->handleRequest(null, Object(Config\Cache), false)
13 FCPATH\index.php(67): CodeIgniter\CodeIgniter->run()
14 SYSTEMPATH\Commands\Server\rewrite.php(47): require_once('FCPATH\\index.php')
