CRITICAL - 2023-03-05 01:50:10 --> Undefined variable $config
in APPPATH\Views\extranet\auth\login.php on line 7.
 1 APPPATH\Views\extranet\auth\login.php(7): CodeIgniter\Debug\Exceptions->errorHandler(2, 'Undefined variable $config', 'APPPATH\\Views\\extranet\\auth\\login.php', 7)
 2 SYSTEMPATH\View\View.php(213): include('APPPATH\\Views\\extranet\\auth\\login.php')
 3 SYSTEMPATH\View\View.php(216): CodeIgniter\View\View->CodeIgniter\View\{closure}()
 4 SYSTEMPATH\Common.php(1135): CodeIgniter\View\View->render('extranet/auth/login', [], true)
 5 APPPATH\Controllers\Extranet\Authcontroller.php(11): view('extranet/auth/login')
 6 SYSTEMPATH\CodeIgniter.php(925): App\Controllers\Extranet\AuthController->login()
 7 SYSTEMPATH\CodeIgniter.php(480): CodeIgniter\CodeIgniter->runController(Object(App\Controllers\Extranet\AuthController))
 8 SYSTEMPATH\CodeIgniter.php(349): CodeIgniter\CodeIgniter->handleRequest(null, Object(Config\Cache), false)
 9 FCPATH\index.php(67): CodeIgniter\CodeIgniter->run()
10 SYSTEMPATH\Commands\Server\rewrite.php(47): require_once('FCPATH\\index.php')
CRITICAL - 2023-03-05 02:04:47 --> Class "App\Models\ConfigurationModel" not found
in APPPATH\Controllers\Frontend\Homecontroller.php on line 14.
 1 SYSTEMPATH\CodeIgniter.php(925): App\Controllers\Frontend\HomeController->index()
 2 SYSTEMPATH\CodeIgniter.php(480): CodeIgniter\CodeIgniter->runController(Object(App\Controllers\Frontend\HomeController))
 3 SYSTEMPATH\CodeIgniter.php(349): CodeIgniter\CodeIgniter->handleRequest(null, Object(Config\Cache), false)
 4 FCPATH\index.php(67): CodeIgniter\CodeIgniter->run()
 5 SYSTEMPATH\Commands\Server\rewrite.php(47): require_once('FCPATH\\index.php')
CRITICAL - 2023-03-05 02:51:56 --> Undefined property: stdClass::$sigin
in APPPATH\Views\frontend\components\header.php on line 29.
 1 APPPATH\Views\frontend\components\header.php(29): CodeIgniter\Debug\Exceptions->errorHandler(2, 'Undefined property: stdClass::$sigin', 'APPPATH\\Views\\frontend\\components\\header.php', 29)
 2 SYSTEMPATH\View\View.php(213): include('APPPATH\\Views\\frontend\\components\\header.php')
 3 SYSTEMPATH\View\View.php(216): CodeIgniter\View\View->CodeIgniter\View\{closure}()
 4 SYSTEMPATH\View\View.php(431): CodeIgniter\View\View->render('frontend/components/header', null, true)
 5 APPPATH\Views\frontend\home\index.php(14): CodeIgniter\View\View->include('frontend/components/header')
 6 SYSTEMPATH\View\View.php(213): include('APPPATH\\Views\\frontend\\home\\index.php')
 7 SYSTEMPATH\View\View.php(216): CodeIgniter\View\View->CodeIgniter\View\{closure}()
 8 SYSTEMPATH\Common.php(1135): CodeIgniter\View\View->render('frontend/home/index', [], true)
 9 APPPATH\Controllers\Frontend\HomeController.php(30): view('frontend/home/index', [...])
10 SYSTEMPATH\CodeIgniter.php(925): App\Controllers\Frontend\HomeController->index()
11 SYSTEMPATH\CodeIgniter.php(480): CodeIgniter\CodeIgniter->runController(Object(App\Controllers\Frontend\HomeController))
12 SYSTEMPATH\CodeIgniter.php(349): CodeIgniter\CodeIgniter->handleRequest(null, Object(Config\Cache), false)
13 FCPATH\index.php(67): CodeIgniter\CodeIgniter->run()
14 SYSTEMPATH\Commands\Server\rewrite.php(47): require_once('FCPATH\\index.php')
CRITICAL - 2023-03-05 02:53:26 --> Undefined property: stdClass::$sigin
in APPPATH\Views\frontend\components\header.php on line 29.
 1 APPPATH\Views\frontend\components\header.php(29): CodeIgniter\Debug\Exceptions->errorHandler(2, 'Undefined property: stdClass::$sigin', 'APPPATH\\Views\\frontend\\components\\header.php', 29)
 2 SYSTEMPATH\View\View.php(213): include('APPPATH\\Views\\frontend\\components\\header.php')
 3 SYSTEMPATH\View\View.php(216): CodeIgniter\View\View->CodeIgniter\View\{closure}()
 4 SYSTEMPATH\View\View.php(431): CodeIgniter\View\View->render('frontend/components/header', null, true)
 5 APPPATH\Views\frontend\home\index.php(14): CodeIgniter\View\View->include('frontend/components/header')
 6 SYSTEMPATH\View\View.php(213): include('APPPATH\\Views\\frontend\\home\\index.php')
 7 SYSTEMPATH\View\View.php(216): CodeIgniter\View\View->CodeIgniter\View\{closure}()
 8 SYSTEMPATH\Common.php(1135): CodeIgniter\View\View->render('frontend/home/index', [], true)
 9 APPPATH\Controllers\Frontend\HomeController.php(30): view('frontend/home/index', [...])
10 SYSTEMPATH\CodeIgniter.php(925): App\Controllers\Frontend\HomeController->index()
11 SYSTEMPATH\CodeIgniter.php(480): CodeIgniter\CodeIgniter->runController(Object(App\Controllers\Frontend\HomeController))
12 SYSTEMPATH\CodeIgniter.php(349): CodeIgniter\CodeIgniter->handleRequest(null, Object(Config\Cache), false)
13 FCPATH\index.php(67): CodeIgniter\CodeIgniter->run()
14 SYSTEMPATH\Commands\Server\rewrite.php(47): require_once('FCPATH\\index.php')
CRITICAL - 2023-03-05 03:02:42 --> Class "App\Models\ConfigurationModel" not found
in APPPATH\Controllers\Frontend\Ourappscontroller.php on line 12.
 1 SYSTEMPATH\CodeIgniter.php(925): App\Controllers\Frontend\OurappsController->index()
 2 SYSTEMPATH\CodeIgniter.php(480): CodeIgniter\CodeIgniter->runController(Object(App\Controllers\Frontend\OurappsController))
 3 SYSTEMPATH\CodeIgniter.php(349): CodeIgniter\CodeIgniter->handleRequest(null, Object(Config\Cache), false)
 4 FCPATH\index.php(67): CodeIgniter\CodeIgniter->run()
 5 SYSTEMPATH\Commands\Server\rewrite.php(47): require_once('FCPATH\\index.php')
CRITICAL - 2023-03-05 03:04:51 --> Undefined property: stdClass::$tell_bussiness
in APPPATH\Views\frontend\home\index.php on line 24.
 1 APPPATH\Views\frontend\home\index.php(24): CodeIgniter\Debug\Exceptions->errorHandler(2, 'Undefined property: stdClass::$tell_bussiness', 'APPPATH\\Views\\frontend\\home\\index.php', 24)
 2 SYSTEMPATH\View\View.php(213): include('APPPATH\\Views\\frontend\\home\\index.php')
 3 SYSTEMPATH\View\View.php(216): CodeIgniter\View\View->CodeIgniter\View\{closure}()
 4 SYSTEMPATH\Common.php(1135): CodeIgniter\View\View->render('frontend/home/index', [], true)
 5 APPPATH\Controllers\Frontend\HomeController.php(30): view('frontend/home/index', [...])
 6 SYSTEMPATH\CodeIgniter.php(925): App\Controllers\Frontend\HomeController->index()
 7 SYSTEMPATH\CodeIgniter.php(480): CodeIgniter\CodeIgniter->runController(Object(App\Controllers\Frontend\HomeController))
 8 SYSTEMPATH\CodeIgniter.php(349): CodeIgniter\CodeIgniter->handleRequest(null, Object(Config\Cache), false)
 9 FCPATH\index.php(67): CodeIgniter\CodeIgniter->run()
10 SYSTEMPATH\Commands\Server\rewrite.php(47): require_once('FCPATH\\index.php')
CRITICAL - 2023-03-05 03:12:12 --> Undefined property: stdClass::$pricing_text1_daily
in APPPATH\Views\frontend\home\index.php on line 111.
 1 APPPATH\Views\frontend\home\index.php(111): CodeIgniter\Debug\Exceptions->errorHandler(2, 'Undefined property: stdClass::$pricing_text1_daily', 'APPPATH\\Views\\frontend\\home\\index.php', 111)
 2 SYSTEMPATH\View\View.php(213): include('APPPATH\\Views\\frontend\\home\\index.php')
 3 SYSTEMPATH\View\View.php(216): CodeIgniter\View\View->CodeIgniter\View\{closure}()
 4 SYSTEMPATH\Common.php(1135): CodeIgniter\View\View->render('frontend/home/index', [], true)
 5 APPPATH\Controllers\Frontend\HomeController.php(30): view('frontend/home/index', [...])
 6 SYSTEMPATH\CodeIgniter.php(925): App\Controllers\Frontend\HomeController->index()
 7 SYSTEMPATH\CodeIgniter.php(480): CodeIgniter\CodeIgniter->runController(Object(App\Controllers\Frontend\HomeController))
 8 SYSTEMPATH\CodeIgniter.php(349): CodeIgniter\CodeIgniter->handleRequest(null, Object(Config\Cache), false)
 9 FCPATH\index.php(67): CodeIgniter\CodeIgniter->run()
10 SYSTEMPATH\Commands\Server\rewrite.php(47): require_once('FCPATH\\index.php')
CRITICAL - 2023-03-05 03:13:23 --> Undefined property: stdClass::$day_trial
in APPPATH\Views\frontend\home\index.php on line 116.
 1 APPPATH\Views\frontend\home\index.php(116): CodeIgniter\Debug\Exceptions->errorHandler(2, 'Undefined property: stdClass::$day_trial', 'APPPATH\\Views\\frontend\\home\\index.php', 116)
 2 SYSTEMPATH\View\View.php(213): include('APPPATH\\Views\\frontend\\home\\index.php')
 3 SYSTEMPATH\View\View.php(216): CodeIgniter\View\View->CodeIgniter\View\{closure}()
 4 SYSTEMPATH\Common.php(1135): CodeIgniter\View\View->render('frontend/home/index', [], true)
 5 APPPATH\Controllers\Frontend\HomeController.php(30): view('frontend/home/index', [...])
 6 SYSTEMPATH\CodeIgniter.php(925): App\Controllers\Frontend\HomeController->index()
 7 SYSTEMPATH\CodeIgniter.php(480): CodeIgniter\CodeIgniter->runController(Object(App\Controllers\Frontend\HomeController))
 8 SYSTEMPATH\CodeIgniter.php(349): CodeIgniter\CodeIgniter->handleRequest(null, Object(Config\Cache), false)
 9 FCPATH\index.php(67): CodeIgniter\CodeIgniter->run()
10 SYSTEMPATH\Commands\Server\rewrite.php(47): require_once('FCPATH\\index.php')
CRITICAL - 2023-03-05 03:14:49 --> Undefined property: stdClass::$yearl
in APPPATH\Views\frontend\home\index.php on line 130.
 1 APPPATH\Views\frontend\home\index.php(130): CodeIgniter\Debug\Exceptions->errorHandler(2, 'Undefined property: stdClass::$yearl', 'APPPATH\\Views\\frontend\\home\\index.php', 130)
 2 SYSTEMPATH\View\View.php(213): include('APPPATH\\Views\\frontend\\home\\index.php')
 3 SYSTEMPATH\View\View.php(216): CodeIgniter\View\View->CodeIgniter\View\{closure}()
 4 SYSTEMPATH\Common.php(1135): CodeIgniter\View\View->render('frontend/home/index', [], true)
 5 APPPATH\Controllers\Frontend\HomeController.php(30): view('frontend/home/index', [...])
 6 SYSTEMPATH\CodeIgniter.php(925): App\Controllers\Frontend\HomeController->index()
 7 SYSTEMPATH\CodeIgniter.php(480): CodeIgniter\CodeIgniter->runController(Object(App\Controllers\Frontend\HomeController))
 8 SYSTEMPATH\CodeIgniter.php(349): CodeIgniter\CodeIgniter->handleRequest(null, Object(Config\Cache), false)
 9 FCPATH\index.php(67): CodeIgniter\CodeIgniter->run()
10 SYSTEMPATH\Commands\Server\rewrite.php(47): require_once('FCPATH\\index.php')
CRITICAL - 2023-03-05 03:18:11 --> Class "App\Models\ConfigurationModel" not found
in APPPATH\Controllers\Frontend\GetStartedController.php on line 15.
 1 SYSTEMPATH\CodeIgniter.php(925): App\Controllers\Frontend\GetStartedController->index()
 2 SYSTEMPATH\CodeIgniter.php(480): CodeIgniter\CodeIgniter->runController(Object(App\Controllers\Frontend\GetStartedController))
 3 SYSTEMPATH\CodeIgniter.php(349): CodeIgniter\CodeIgniter->handleRequest(null, Object(Config\Cache), false)
 4 FCPATH\index.php(67): CodeIgniter\CodeIgniter->run()
 5 SYSTEMPATH\Commands\Server\rewrite.php(47): require_once('FCPATH\\index.php')
CRITICAL - 2023-03-05 03:21:54 --> Undefined property: stdClass::$subscribe_text_watch_demo
in APPPATH\Views\frontend\home\index.php on line 162.
 1 APPPATH\Views\frontend\home\index.php(162): CodeIgniter\Debug\Exceptions->errorHandler(2, 'Undefined property: stdClass::$subscribe_text_watch_demo', 'APPPATH\\Views\\frontend\\home\\index.php', 162)
 2 SYSTEMPATH\View\View.php(213): include('APPPATH\\Views\\frontend\\home\\index.php')
 3 SYSTEMPATH\View\View.php(216): CodeIgniter\View\View->CodeIgniter\View\{closure}()
 4 SYSTEMPATH\Common.php(1135): CodeIgniter\View\View->render('frontend/home/index', [], true)
 5 APPPATH\Controllers\Frontend\HomeController.php(30): view('frontend/home/index', [...])
 6 SYSTEMPATH\CodeIgniter.php(925): App\Controllers\Frontend\HomeController->index()
 7 SYSTEMPATH\CodeIgniter.php(480): CodeIgniter\CodeIgniter->runController(Object(App\Controllers\Frontend\HomeController))
 8 SYSTEMPATH\CodeIgniter.php(349): CodeIgniter\CodeIgniter->handleRequest(null, Object(Config\Cache), false)
 9 FCPATH\index.php(67): CodeIgniter\CodeIgniter->run()
10 SYSTEMPATH\Commands\Server\rewrite.php(47): require_once('FCPATH\\index.php')
CRITICAL - 2023-03-05 05:45:21 --> Undefined property: stdClass::$brand_text1
in APPPATH\Views\frontend\home\index.php on line 185.
 1 APPPATH\Views\frontend\home\index.php(185): CodeIgniter\Debug\Exceptions->errorHandler(2, 'Undefined property: stdClass::$brand_text1', 'APPPATH\\Views\\frontend\\home\\index.php', 185)
 2 SYSTEMPATH\View\View.php(213): include('APPPATH\\Views\\frontend\\home\\index.php')
 3 SYSTEMPATH\View\View.php(216): CodeIgniter\View\View->CodeIgniter\View\{closure}()
 4 SYSTEMPATH\Common.php(1135): CodeIgniter\View\View->render('frontend/home/index', [], true)
 5 APPPATH\Controllers\Frontend\HomeController.php(30): view('frontend/home/index', [...])
 6 SYSTEMPATH\CodeIgniter.php(925): App\Controllers\Frontend\HomeController->index()
 7 SYSTEMPATH\CodeIgniter.php(480): CodeIgniter\CodeIgniter->runController(Object(App\Controllers\Frontend\HomeController))
 8 SYSTEMPATH\CodeIgniter.php(349): CodeIgniter\CodeIgniter->handleRequest(null, Object(Config\Cache), false)
 9 FCPATH\index.php(67): CodeIgniter\CodeIgniter->run()
10 SYSTEMPATH\Commands\Server\rewrite.php(47): require_once('FCPATH\\index.php')
CRITICAL - 2023-03-05 05:55:38 --> Class "App\Models\ConfigurationModel" not found
in APPPATH\Controllers\Frontend\Ourappscontroller.php on line 12.
 1 SYSTEMPATH\CodeIgniter.php(925): App\Controllers\Frontend\OurappsController->index()
 2 SYSTEMPATH\CodeIgniter.php(480): CodeIgniter\CodeIgniter->runController(Object(App\Controllers\Frontend\OurappsController))
 3 SYSTEMPATH\CodeIgniter.php(349): CodeIgniter\CodeIgniter->handleRequest(null, Object(Config\Cache), false)
 4 FCPATH\index.php(67): CodeIgniter\CodeIgniter->run()
 5 SYSTEMPATH\Commands\Server\rewrite.php(47): require_once('FCPATH\\index.php')
CRITICAL - 2023-03-05 06:01:01 --> Class "App\Models\ConfigurationModel" not found
in APPPATH\Controllers\Frontend\ContactUsController.php on line 11.
 1 SYSTEMPATH\CodeIgniter.php(925): App\Controllers\Frontend\ContactUsController->index()
 2 SYSTEMPATH\CodeIgniter.php(480): CodeIgniter\CodeIgniter->runController(Object(App\Controllers\Frontend\ContactUsController))
 3 SYSTEMPATH\CodeIgniter.php(349): CodeIgniter\CodeIgniter->handleRequest(null, Object(Config\Cache), false)
 4 FCPATH\index.php(67): CodeIgniter\CodeIgniter->run()
 5 SYSTEMPATH\Commands\Server\rewrite.php(47): require_once('FCPATH\\index.php')
CRITICAL - 2023-03-05 06:01:29 --> Undefined variable $config_menu
in APPPATH\Views\frontend\components\header.php on line 19.
 1 APPPATH\Views\frontend\components\header.php(19): CodeIgniter\Debug\Exceptions->errorHandler(2, 'Undefined variable $config_menu', 'APPPATH\\Views\\frontend\\components\\header.php', 19)
 2 SYSTEMPATH\View\View.php(213): include('APPPATH\\Views\\frontend\\components\\header.php')
 3 SYSTEMPATH\View\View.php(216): CodeIgniter\View\View->CodeIgniter\View\{closure}()
 4 SYSTEMPATH\View\View.php(431): CodeIgniter\View\View->render('frontend/components/header', null, true)
 5 APPPATH\Views\frontend\contact_us\index.php(14): CodeIgniter\View\View->include('frontend/components/header')
 6 SYSTEMPATH\View\View.php(213): include('APPPATH\\Views\\frontend\\contact_us\\index.php')
 7 SYSTEMPATH\View\View.php(216): CodeIgniter\View\View->CodeIgniter\View\{closure}()
 8 SYSTEMPATH\Common.php(1135): CodeIgniter\View\View->render('frontend/contact_us/index', [], true)
 9 APPPATH\Controllers\Frontend\ContactUsController.php(15): view('frontend/contact_us/index', [...])
10 SYSTEMPATH\CodeIgniter.php(925): App\Controllers\Frontend\ContactUsController->index()
11 SYSTEMPATH\CodeIgniter.php(480): CodeIgniter\CodeIgniter->runController(Object(App\Controllers\Frontend\ContactUsController))
12 SYSTEMPATH\CodeIgniter.php(349): CodeIgniter\CodeIgniter->handleRequest(null, Object(Config\Cache), false)
13 FCPATH\index.php(67): CodeIgniter\CodeIgniter->run()
14 SYSTEMPATH\Commands\Server\rewrite.php(47): require_once('FCPATH\\index.php')
CRITICAL - 2023-03-05 06:02:20 --> Class "App\Models\ConfigurationModel" not found
in APPPATH\Controllers\Frontend\GetStartedController.php on line 15.
 1 SYSTEMPATH\CodeIgniter.php(925): App\Controllers\Frontend\GetStartedController->index()
 2 SYSTEMPATH\CodeIgniter.php(480): CodeIgniter\CodeIgniter->runController(Object(App\Controllers\Frontend\GetStartedController))
 3 SYSTEMPATH\CodeIgniter.php(349): CodeIgniter\CodeIgniter->handleRequest(null, Object(Config\Cache), false)
 4 FCPATH\index.php(67): CodeIgniter\CodeIgniter->run()
 5 SYSTEMPATH\Commands\Server\rewrite.php(47): require_once('FCPATH\\index.php')
CRITICAL - 2023-03-05 06:22:41 --> Undefined property: stdClass::$phone_number
in APPPATH\Views\frontend\contact_us\index.php on line 67.
 1 APPPATH\Views\frontend\contact_us\index.php(67): CodeIgniter\Debug\Exceptions->errorHandler(2, 'Undefined property: stdClass::$phone_number', 'APPPATH\\Views\\frontend\\contact_us\\index.php', 67)
 2 SYSTEMPATH\View\View.php(213): include('APPPATH\\Views\\frontend\\contact_us\\index.php')
 3 SYSTEMPATH\View\View.php(216): CodeIgniter\View\View->CodeIgniter\View\{closure}()
 4 SYSTEMPATH\Common.php(1135): CodeIgniter\View\View->render('frontend/contact_us/index', [], true)
 5 APPPATH\Controllers\Frontend\ContactUsController.php(19): view('frontend/contact_us/index', [...])
 6 SYSTEMPATH\CodeIgniter.php(925): App\Controllers\Frontend\ContactUsController->index()
 7 SYSTEMPATH\CodeIgniter.php(480): CodeIgniter\CodeIgniter->runController(Object(App\Controllers\Frontend\ContactUsController))
 8 SYSTEMPATH\CodeIgniter.php(349): CodeIgniter\CodeIgniter->handleRequest(null, Object(Config\Cache), false)
 9 FCPATH\index.php(67): CodeIgniter\CodeIgniter->run()
10 SYSTEMPATH\Commands\Server\rewrite.php(47): require_once('FCPATH\\index.php')
CRITICAL - 2023-03-05 07:00:45 --> Undefined variable $config
in APPPATH\Views\extranet\components\header.php on line 3.
 1 APPPATH\Views\extranet\components\header.php(3): CodeIgniter\Debug\Exceptions->errorHandler(2, 'Undefined variable $config', 'APPPATH\\Views\\extranet\\components\\header.php', 3)
 2 SYSTEMPATH\View\View.php(213): include('APPPATH\\Views\\extranet\\components\\header.php')
 3 SYSTEMPATH\View\View.php(216): CodeIgniter\View\View->CodeIgniter\View\{closure}()
 4 SYSTEMPATH\View\View.php(431): CodeIgniter\View\View->render('extranet/components/header', null, true)
 5 APPPATH\Views\extranet\home\index.php(15): CodeIgniter\View\View->include('extranet/components/header')
 6 SYSTEMPATH\View\View.php(213): include('APPPATH\\Views\\extranet\\home\\index.php')
 7 SYSTEMPATH\View\View.php(216): CodeIgniter\View\View->CodeIgniter\View\{closure}()
 8 SYSTEMPATH\Common.php(1135): CodeIgniter\View\View->render('extranet/home/index', [], true)
 9 APPPATH\Controllers\Extranet\HomeExtranetController.php(9): view('extranet/home/index')
10 SYSTEMPATH\CodeIgniter.php(925): App\Controllers\Extranet\HomeExtranetController->index()
11 SYSTEMPATH\CodeIgniter.php(480): CodeIgniter\CodeIgniter->runController(Object(App\Controllers\Extranet\HomeExtranetController))
12 SYSTEMPATH\CodeIgniter.php(349): CodeIgniter\CodeIgniter->handleRequest(null, Object(Config\Cache), false)
13 FCPATH\index.php(67): CodeIgniter\CodeIgniter->run()
14 SYSTEMPATH\Commands\Server\rewrite.php(47): require_once('FCPATH\\index.php')
CRITICAL - 2023-03-05 07:01:52 --> Undefined property: stdClass::$logo
in APPPATH\Views\extranet\components\header.php on line 3.
 1 APPPATH\Views\extranet\components\header.php(3): CodeIgniter\Debug\Exceptions->errorHandler(2, 'Undefined property: stdClass::$logo', 'APPPATH\\Views\\extranet\\components\\header.php', 3)
 2 SYSTEMPATH\View\View.php(213): include('APPPATH\\Views\\extranet\\components\\header.php')
 3 SYSTEMPATH\View\View.php(216): CodeIgniter\View\View->CodeIgniter\View\{closure}()
 4 SYSTEMPATH\View\View.php(431): CodeIgniter\View\View->render('extranet/components/header', null, true)
 5 APPPATH\Views\extranet\home\index.php(15): CodeIgniter\View\View->include('extranet/components/header')
 6 SYSTEMPATH\View\View.php(213): include('APPPATH\\Views\\extranet\\home\\index.php')
 7 SYSTEMPATH\View\View.php(216): CodeIgniter\View\View->CodeIgniter\View\{closure}()
 8 SYSTEMPATH\Common.php(1135): CodeIgniter\View\View->render('extranet/home/index', [], true)
 9 APPPATH\Controllers\Extranet\HomeExtranetController.php(15): view('extranet/home/index', [...])
10 SYSTEMPATH\CodeIgniter.php(925): App\Controllers\Extranet\HomeExtranetController->index()
11 SYSTEMPATH\CodeIgniter.php(480): CodeIgniter\CodeIgniter->runController(Object(App\Controllers\Extranet\HomeExtranetController))
12 SYSTEMPATH\CodeIgniter.php(349): CodeIgniter\CodeIgniter->handleRequest(null, Object(Config\Cache), false)
13 FCPATH\index.php(67): CodeIgniter\CodeIgniter->run()
14 SYSTEMPATH\Commands\Server\rewrite.php(47): require_once('FCPATH\\index.php')
CRITICAL - 2023-03-05 07:03:01 --> Invalid file: extranet/config/index.php
in SYSTEMPATH\Exceptions\FrameworkException.php on line 33.
 1 SYSTEMPATH\View\View.php(201): CodeIgniter\Exceptions\FrameworkException::forInvalidFile('extranet/config/index.php')
 2 SYSTEMPATH\Common.php(1135): CodeIgniter\View\View->render('extranet/config/index', [], true)
 3 APPPATH\Controllers\Extranet\ConfigController.php(14): view('extranet/config/index', [...])
 4 SYSTEMPATH\CodeIgniter.php(925): App\Controllers\Extranet\ConfigController->index()
 5 SYSTEMPATH\CodeIgniter.php(480): CodeIgniter\CodeIgniter->runController(Object(App\Controllers\Extranet\ConfigController))
 6 SYSTEMPATH\CodeIgniter.php(349): CodeIgniter\CodeIgniter->handleRequest(null, Object(Config\Cache), false)
 7 FCPATH\index.php(67): CodeIgniter\CodeIgniter->run()
 8 SYSTEMPATH\Commands\Server\rewrite.php(47): require_once('FCPATH\\index.php')
CRITICAL - 2023-03-05 07:03:24 --> Invalid file: extranet/config/index.php
in SYSTEMPATH\Exceptions\FrameworkException.php on line 33.
 1 SYSTEMPATH\View\View.php(201): CodeIgniter\Exceptions\FrameworkException::forInvalidFile('extranet/config/index.php')
 2 SYSTEMPATH\Common.php(1135): CodeIgniter\View\View->render('extranet/config/index', [], true)
 3 APPPATH\Controllers\Extranet\ConfigController.php(14): view('extranet/config/index', [...])
 4 SYSTEMPATH\CodeIgniter.php(925): App\Controllers\Extranet\ConfigController->index()
 5 SYSTEMPATH\CodeIgniter.php(480): CodeIgniter\CodeIgniter->runController(Object(App\Controllers\Extranet\ConfigController))
 6 SYSTEMPATH\CodeIgniter.php(349): CodeIgniter\CodeIgniter->handleRequest(null, Object(Config\Cache), false)
 7 FCPATH\index.php(67): CodeIgniter\CodeIgniter->run()
 8 SYSTEMPATH\Commands\Server\rewrite.php(47): require_once('FCPATH\\index.php')
CRITICAL - 2023-03-05 07:05:41 --> Undefined property: stdClass::$keyword
in APPPATH\Views\extranet\config\index.php on line 8.
 1 APPPATH\Views\extranet\config\index.php(8): CodeIgniter\Debug\Exceptions->errorHandler(2, 'Undefined property: stdClass::$keyword', 'APPPATH\\Views\\extranet\\config\\index.php', 8)
 2 SYSTEMPATH\View\View.php(213): include('APPPATH\\Views\\extranet\\config\\index.php')
 3 SYSTEMPATH\View\View.php(216): CodeIgniter\View\View->CodeIgniter\View\{closure}()
 4 SYSTEMPATH\Common.php(1135): CodeIgniter\View\View->render('extranet/config/index', [], true)
 5 APPPATH\Controllers\Extranet\ConfigController.php(15): view('extranet/config/index', [...])
 6 SYSTEMPATH\CodeIgniter.php(925): App\Controllers\Extranet\ConfigController->index()
 7 SYSTEMPATH\CodeIgniter.php(480): CodeIgniter\CodeIgniter->runController(Object(App\Controllers\Extranet\ConfigController))
 8 SYSTEMPATH\CodeIgniter.php(349): CodeIgniter\CodeIgniter->handleRequest(null, Object(Config\Cache), false)
 9 FCPATH\index.php(67): CodeIgniter\CodeIgniter->run()
10 SYSTEMPATH\Commands\Server\rewrite.php(47): require_once('FCPATH\\index.php')
CRITICAL - 2023-03-05 07:18:01 --> Invalid file: extranet/components/style.php
in SYSTEMPATH\Exceptions\FrameworkException.php on line 33.
 1 SYSTEMPATH\View\View.php(201): CodeIgniter\Exceptions\FrameworkException::forInvalidFile('extranet/components/style.php')
 2 SYSTEMPATH\View\View.php(431): CodeIgniter\View\View->render('extranet/components/style', null, true)
 3 APPPATH\Views\extranet\config\index.php(12): CodeIgniter\View\View->include('extranet/components/style')
 4 SYSTEMPATH\View\View.php(213): include('APPPATH\\Views\\extranet\\config\\index.php')
 5 SYSTEMPATH\View\View.php(216): CodeIgniter\View\View->CodeIgniter\View\{closure}()
 6 SYSTEMPATH\Common.php(1135): CodeIgniter\View\View->render('extranet/config/index', [], true)
 7 APPPATH\Controllers\Extranet\ConfigController.php(15): view('extranet/config/index', [...])
 8 SYSTEMPATH\CodeIgniter.php(925): App\Controllers\Extranet\ConfigController->index()
 9 SYSTEMPATH\CodeIgniter.php(480): CodeIgniter\CodeIgniter->runController(Object(App\Controllers\Extranet\ConfigController))
10 SYSTEMPATH\CodeIgniter.php(349): CodeIgniter\CodeIgniter->handleRequest(null, Object(Config\Cache), false)
11 FCPATH\index.php(67): CodeIgniter\CodeIgniter->run()
12 SYSTEMPATH\Commands\Server\rewrite.php(47): require_once('FCPATH\\index.php')
CRITICAL - 2023-03-05 07:19:00 --> Undefined property: stdClass::$logo
in APPPATH\Views\extranet\config\index.php on line 39.
 1 APPPATH\Views\extranet\config\index.php(39): CodeIgniter\Debug\Exceptions->errorHandler(2, 'Undefined property: stdClass::$logo', 'APPPATH\\Views\\extranet\\config\\index.php', 39)
 2 SYSTEMPATH\View\View.php(213): include('APPPATH\\Views\\extranet\\config\\index.php')
 3 SYSTEMPATH\View\View.php(216): CodeIgniter\View\View->CodeIgniter\View\{closure}()
 4 SYSTEMPATH\Common.php(1135): CodeIgniter\View\View->render('extranet/config/index', [], true)
 5 APPPATH\Controllers\Extranet\ConfigController.php(15): view('extranet/config/index', [...])
 6 SYSTEMPATH\CodeIgniter.php(925): App\Controllers\Extranet\ConfigController->index()
 7 SYSTEMPATH\CodeIgniter.php(480): CodeIgniter\CodeIgniter->runController(Object(App\Controllers\Extranet\ConfigController))
 8 SYSTEMPATH\CodeIgniter.php(349): CodeIgniter\CodeIgniter->handleRequest(null, Object(Config\Cache), false)
 9 FCPATH\index.php(67): CodeIgniter\CodeIgniter->run()
10 SYSTEMPATH\Commands\Server\rewrite.php(47): require_once('FCPATH\\index.php')
CRITICAL - 2023-03-05 07:19:34 --> Undefined property: stdClass::$logo
in APPPATH\Views\extranet\config\index.php on line 41.
 1 APPPATH\Views\extranet\config\index.php(41): CodeIgniter\Debug\Exceptions->errorHandler(2, 'Undefined property: stdClass::$logo', 'APPPATH\\Views\\extranet\\config\\index.php', 41)
 2 SYSTEMPATH\View\View.php(213): include('APPPATH\\Views\\extranet\\config\\index.php')
 3 SYSTEMPATH\View\View.php(216): CodeIgniter\View\View->CodeIgniter\View\{closure}()
 4 SYSTEMPATH\Common.php(1135): CodeIgniter\View\View->render('extranet/config/index', [], true)
 5 APPPATH\Controllers\Extranet\ConfigController.php(15): view('extranet/config/index', [...])
 6 SYSTEMPATH\CodeIgniter.php(925): App\Controllers\Extranet\ConfigController->index()
 7 SYSTEMPATH\CodeIgniter.php(480): CodeIgniter\CodeIgniter->runController(Object(App\Controllers\Extranet\ConfigController))
 8 SYSTEMPATH\CodeIgniter.php(349): CodeIgniter\CodeIgniter->handleRequest(null, Object(Config\Cache), false)
 9 FCPATH\index.php(67): CodeIgniter\CodeIgniter->run()
10 SYSTEMPATH\Commands\Server\rewrite.php(47): require_once('FCPATH\\index.php')
CRITICAL - 2023-03-05 07:19:48 --> Undefined property: stdClass::$logo
in APPPATH\Views\extranet\config\index.php on line 42.
 1 APPPATH\Views\extranet\config\index.php(42): CodeIgniter\Debug\Exceptions->errorHandler(2, 'Undefined property: stdClass::$logo', 'APPPATH\\Views\\extranet\\config\\index.php', 42)
 2 SYSTEMPATH\View\View.php(213): include('APPPATH\\Views\\extranet\\config\\index.php')
 3 SYSTEMPATH\View\View.php(216): CodeIgniter\View\View->CodeIgniter\View\{closure}()
 4 SYSTEMPATH\Common.php(1135): CodeIgniter\View\View->render('extranet/config/index', [], true)
 5 APPPATH\Controllers\Extranet\ConfigController.php(15): view('extranet/config/index', [...])
 6 SYSTEMPATH\CodeIgniter.php(925): App\Controllers\Extranet\ConfigController->index()
 7 SYSTEMPATH\CodeIgniter.php(480): CodeIgniter\CodeIgniter->runController(Object(App\Controllers\Extranet\ConfigController))
 8 SYSTEMPATH\CodeIgniter.php(349): CodeIgniter\CodeIgniter->handleRequest(null, Object(Config\Cache), false)
 9 FCPATH\index.php(67): CodeIgniter\CodeIgniter->run()
10 SYSTEMPATH\Commands\Server\rewrite.php(47): require_once('FCPATH\\index.php')
CRITICAL - 2023-03-05 07:19:57 --> Undefined property: stdClass::$logo_text
in APPPATH\Views\extranet\config\index.php on line 46.
 1 APPPATH\Views\extranet\config\index.php(46): CodeIgniter\Debug\Exceptions->errorHandler(2, 'Undefined property: stdClass::$logo_text', 'APPPATH\\Views\\extranet\\config\\index.php', 46)
 2 SYSTEMPATH\View\View.php(213): include('APPPATH\\Views\\extranet\\config\\index.php')
 3 SYSTEMPATH\View\View.php(216): CodeIgniter\View\View->CodeIgniter\View\{closure}()
 4 SYSTEMPATH\Common.php(1135): CodeIgniter\View\View->render('extranet/config/index', [], true)
 5 APPPATH\Controllers\Extranet\ConfigController.php(15): view('extranet/config/index', [...])
 6 SYSTEMPATH\CodeIgniter.php(925): App\Controllers\Extranet\ConfigController->index()
 7 SYSTEMPATH\CodeIgniter.php(480): CodeIgniter\CodeIgniter->runController(Object(App\Controllers\Extranet\ConfigController))
 8 SYSTEMPATH\CodeIgniter.php(349): CodeIgniter\CodeIgniter->handleRequest(null, Object(Config\Cache), false)
 9 FCPATH\index.php(67): CodeIgniter\CodeIgniter->run()
10 SYSTEMPATH\Commands\Server\rewrite.php(47): require_once('FCPATH\\index.php')
CRITICAL - 2023-03-05 07:31:40 --> Undefined property: stdClass::$make_appointment_description
in APPPATH\Views\extranet\config\index.php on line 220.
 1 APPPATH\Views\extranet\config\index.php(220): CodeIgniter\Debug\Exceptions->errorHandler(2, 'Undefined property: stdClass::$make_appointment_description', 'APPPATH\\Views\\extranet\\config\\index.php', 220)
 2 SYSTEMPATH\View\View.php(213): include('APPPATH\\Views\\extranet\\config\\index.php')
 3 SYSTEMPATH\View\View.php(216): CodeIgniter\View\View->CodeIgniter\View\{closure}()
 4 SYSTEMPATH\Common.php(1135): CodeIgniter\View\View->render('extranet/config/index', [], true)
 5 APPPATH\Controllers\Extranet\ConfigController.php(15): view('extranet/config/index', [...])
 6 SYSTEMPATH\CodeIgniter.php(925): App\Controllers\Extranet\ConfigController->index()
 7 SYSTEMPATH\CodeIgniter.php(480): CodeIgniter\CodeIgniter->runController(Object(App\Controllers\Extranet\ConfigController))
 8 SYSTEMPATH\CodeIgniter.php(349): CodeIgniter\CodeIgniter->handleRequest(null, Object(Config\Cache), false)
 9 FCPATH\index.php(67): CodeIgniter\CodeIgniter->run()
10 SYSTEMPATH\Commands\Server\rewrite.php(47): require_once('FCPATH\\index.php')
CRITICAL - 2023-03-05 07:31:51 --> Invalid file: extranet/components/script.php
in SYSTEMPATH\Exceptions\FrameworkException.php on line 33.
 1 SYSTEMPATH\View\View.php(201): CodeIgniter\Exceptions\FrameworkException::forInvalidFile('extranet/components/script.php')
 2 SYSTEMPATH\View\View.php(431): CodeIgniter\View\View->render('extranet/components/script', null, true)
 3 APPPATH\Views\extranet\config\index.php(229): CodeIgniter\View\View->include('extranet/components/script')
 4 SYSTEMPATH\View\View.php(213): include('APPPATH\\Views\\extranet\\config\\index.php')
 5 SYSTEMPATH\View\View.php(216): CodeIgniter\View\View->CodeIgniter\View\{closure}()
 6 SYSTEMPATH\Common.php(1135): CodeIgniter\View\View->render('extranet/config/index', [], true)
 7 APPPATH\Controllers\Extranet\ConfigController.php(15): view('extranet/config/index', [...])
 8 SYSTEMPATH\CodeIgniter.php(925): App\Controllers\Extranet\ConfigController->index()
 9 SYSTEMPATH\CodeIgniter.php(480): CodeIgniter\CodeIgniter->runController(Object(App\Controllers\Extranet\ConfigController))
10 SYSTEMPATH\CodeIgniter.php(349): CodeIgniter\CodeIgniter->handleRequest(null, Object(Config\Cache), false)
11 FCPATH\index.php(67): CodeIgniter\CodeIgniter->run()
12 SYSTEMPATH\Commands\Server\rewrite.php(47): require_once('FCPATH\\index.php')
CRITICAL - 2023-03-05 08:18:13 --> Allowed fields must be specified for model: App\Models\ConfigModel
in SYSTEMPATH\BaseModel.php on line 1162.
 1 SYSTEMPATH\BaseModel.php(1162): CodeIgniter\Database\Exceptions\DataException::forInvalidAllowedFields('App\\Models\\ConfigModel')
 2 SYSTEMPATH\BaseModel.php(863): CodeIgniter\BaseModel->doProtectFields([...])
 3 SYSTEMPATH\Model.php(721): CodeIgniter\BaseModel->update([...], [...])
 4 APPPATH\Controllers\Extranet\ConfigController.php(94): CodeIgniter\Model->update('96298075-9545-11ed-8fcb-c465162ee099', [...])
 5 SYSTEMPATH\CodeIgniter.php(925): App\Controllers\Extranet\ConfigController->update('96298075-9545-11ed-8fcb-c465162ee099')
 6 SYSTEMPATH\CodeIgniter.php(480): CodeIgniter\CodeIgniter->runController(Object(App\Controllers\Extranet\ConfigController))
 7 SYSTEMPATH\CodeIgniter.php(349): CodeIgniter\CodeIgniter->handleRequest(null, Object(Config\Cache), false)
 8 FCPATH\index.php(67): CodeIgniter\CodeIgniter->run()
 9 SYSTEMPATH\Commands\Server\rewrite.php(47): require_once('FCPATH\\index.php')
CRITICAL - 2023-03-05 08:24:30 --> Invalid file: extranet/components/style.php
in SYSTEMPATH\Exceptions\FrameworkException.php on line 33.
 1 SYSTEMPATH\View\View.php(201): CodeIgniter\Exceptions\FrameworkException::forInvalidFile('extranet/components/style.php')
 2 SYSTEMPATH\View\View.php(431): CodeIgniter\View\View->render('extranet/components/style', null, true)
 3 APPPATH\Views\extranet\config_menu\index.php(12): CodeIgniter\View\View->include('extranet/components/style')
 4 SYSTEMPATH\View\View.php(213): include('APPPATH\\Views\\extranet\\config_menu\\index.php')
 5 SYSTEMPATH\View\View.php(216): CodeIgniter\View\View->CodeIgniter\View\{closure}()
 6 SYSTEMPATH\Common.php(1135): CodeIgniter\View\View->render('extranet/config_menu/index', [], true)
 7 APPPATH\Controllers\Extranet\ConfigMenuController.php(15): view('extranet/config_menu/index', [...])
 8 SYSTEMPATH\CodeIgniter.php(925): App\Controllers\Extranet\ConfigMenuController->index()
 9 SYSTEMPATH\CodeIgniter.php(480): CodeIgniter\CodeIgniter->runController(Object(App\Controllers\Extranet\ConfigMenuController))
10 SYSTEMPATH\CodeIgniter.php(349): CodeIgniter\CodeIgniter->handleRequest(null, Object(Config\Cache), false)
11 FCPATH\index.php(67): CodeIgniter\CodeIgniter->run()
12 SYSTEMPATH\Commands\Server\rewrite.php(47): require_once('FCPATH\\index.php')
CRITICAL - 2023-03-05 08:32:52 --> Undefined variable $config
in APPPATH\Views\extranet\config_menu\index.php on line 8.
 1 APPPATH\Views\extranet\config_menu\index.php(8): CodeIgniter\Debug\Exceptions->errorHandler(2, 'Undefined variable $config', 'APPPATH\\Views\\extranet\\config_menu\\index.php', 8)
 2 SYSTEMPATH\View\View.php(213): include('APPPATH\\Views\\extranet\\config_menu\\index.php')
 3 SYSTEMPATH\View\View.php(216): CodeIgniter\View\View->CodeIgniter\View\{closure}()
 4 SYSTEMPATH\Common.php(1135): CodeIgniter\View\View->render('extranet/config_menu/index', [], true)
 5 APPPATH\Controllers\Extranet\ConfigMenuController.php(15): view('extranet/config_menu/index', [...])
 6 SYSTEMPATH\CodeIgniter.php(925): App\Controllers\Extranet\ConfigMenuController->index()
 7 SYSTEMPATH\CodeIgniter.php(480): CodeIgniter\CodeIgniter->runController(Object(App\Controllers\Extranet\ConfigMenuController))
 8 SYSTEMPATH\CodeIgniter.php(349): CodeIgniter\CodeIgniter->handleRequest(null, Object(Config\Cache), false)
 9 FCPATH\index.php(67): CodeIgniter\CodeIgniter->run()
10 SYSTEMPATH\Commands\Server\rewrite.php(47): require_once('FCPATH\\index.php')
CRITICAL - 2023-03-05 08:33:37 --> Invalid file: extranet/components/script.php
in SYSTEMPATH\Exceptions\FrameworkException.php on line 33.
 1 SYSTEMPATH\View\View.php(201): CodeIgniter\Exceptions\FrameworkException::forInvalidFile('extranet/components/script.php')
 2 SYSTEMPATH\View\View.php(431): CodeIgniter\View\View->render('extranet/components/script', null, true)
 3 APPPATH\Views\extranet\config_menu\index.php(172): CodeIgniter\View\View->include('extranet/components/script')
 4 SYSTEMPATH\View\View.php(213): include('APPPATH\\Views\\extranet\\config_menu\\index.php')
 5 SYSTEMPATH\View\View.php(216): CodeIgniter\View\View->CodeIgniter\View\{closure}()
 6 SYSTEMPATH\Common.php(1135): CodeIgniter\View\View->render('extranet/config_menu/index', [], true)
 7 APPPATH\Controllers\Extranet\ConfigMenuController.php(19): view('extranet/config_menu/index', [...])
 8 SYSTEMPATH\CodeIgniter.php(925): App\Controllers\Extranet\ConfigMenuController->index()
 9 SYSTEMPATH\CodeIgniter.php(480): CodeIgniter\CodeIgniter->runController(Object(App\Controllers\Extranet\ConfigMenuController))
10 SYSTEMPATH\CodeIgniter.php(349): CodeIgniter\CodeIgniter->handleRequest(null, Object(Config\Cache), false)
11 FCPATH\index.php(67): CodeIgniter\CodeIgniter->run()
12 SYSTEMPATH\Commands\Server\rewrite.php(47): require_once('FCPATH\\index.php')
CRITICAL - 2023-03-05 08:39:18 --> Undefined property: stdClass::$service_background_image
in APPPATH\Views\frontend\home\index.php on line 78.
 1 APPPATH\Views\frontend\home\index.php(78): CodeIgniter\Debug\Exceptions->errorHandler(2, 'Undefined property: stdClass::$service_background_image', 'APPPATH\\Views\\frontend\\home\\index.php', 78)
 2 SYSTEMPATH\View\View.php(213): include('APPPATH\\Views\\frontend\\home\\index.php')
 3 SYSTEMPATH\View\View.php(216): CodeIgniter\View\View->CodeIgniter\View\{closure}()
 4 SYSTEMPATH\Common.php(1135): CodeIgniter\View\View->render('frontend/home/index', [], true)
 5 APPPATH\Controllers\Frontend\HomeController.php(31): view('frontend/home/index', [...])
 6 SYSTEMPATH\CodeIgniter.php(925): App\Controllers\Frontend\HomeController->index()
 7 SYSTEMPATH\CodeIgniter.php(480): CodeIgniter\CodeIgniter->runController(Object(App\Controllers\Frontend\HomeController))
 8 SYSTEMPATH\CodeIgniter.php(349): CodeIgniter\CodeIgniter->handleRequest(null, Object(Config\Cache), false)
 9 FCPATH\index.php(67): CodeIgniter\CodeIgniter->run()
10 SYSTEMPATH\Commands\Server\rewrite.php(47): require_once('FCPATH\\index.php')
CRITICAL - 2023-03-05 09:49:42 --> Invalid file: extranet/app_type/index.php
in SYSTEMPATH\Exceptions\FrameworkException.php on line 33.
 1 SYSTEMPATH\View\View.php(201): CodeIgniter\Exceptions\FrameworkException::forInvalidFile('extranet/app_type/index.php')
 2 SYSTEMPATH\Common.php(1135): CodeIgniter\View\View->render('extranet/app_type/index', [], true)
 3 APPPATH\Controllers\Extranet\AppTypeController.php(14): view('extranet/app_type/index', [...])
 4 SYSTEMPATH\CodeIgniter.php(925): App\Controllers\Extranet\AppTypeController->index()
 5 SYSTEMPATH\CodeIgniter.php(480): CodeIgniter\CodeIgniter->runController(Object(App\Controllers\Extranet\AppTypeController))
 6 SYSTEMPATH\CodeIgniter.php(349): CodeIgniter\CodeIgniter->handleRequest(null, Object(Config\Cache), false)
 7 FCPATH\index.php(67): CodeIgniter\CodeIgniter->run()
 8 SYSTEMPATH\Commands\Server\rewrite.php(47): require_once('FCPATH\\index.php')
CRITICAL - 2023-03-05 09:50:43 --> Undefined variable $config
in APPPATH\Views\extranet\components\header.php on line 3.
 1 APPPATH\Views\extranet\components\header.php(3): CodeIgniter\Debug\Exceptions->errorHandler(2, 'Undefined variable $config', 'APPPATH\\Views\\extranet\\components\\header.php', 3)
 2 SYSTEMPATH\View\View.php(213): include('APPPATH\\Views\\extranet\\components\\header.php')
 3 SYSTEMPATH\View\View.php(216): CodeIgniter\View\View->CodeIgniter\View\{closure}()
 4 SYSTEMPATH\View\View.php(431): CodeIgniter\View\View->render('extranet/components/header', null, true)
 5 APPPATH\Views\extranet\app_type\index.php(19): CodeIgniter\View\View->include('extranet/components/header')
 6 SYSTEMPATH\View\View.php(213): include('APPPATH\\Views\\extranet\\app_type\\index.php')
 7 SYSTEMPATH\View\View.php(216): CodeIgniter\View\View->CodeIgniter\View\{closure}()
 8 SYSTEMPATH\Common.php(1135): CodeIgniter\View\View->render('extranet/app_type/index', [], true)
 9 APPPATH\Controllers\Extranet\AppTypeController.php(14): view('extranet/app_type/index', [...])
10 SYSTEMPATH\CodeIgniter.php(925): App\Controllers\Extranet\AppTypeController->index()
11 SYSTEMPATH\CodeIgniter.php(480): CodeIgniter\CodeIgniter->runController(Object(App\Controllers\Extranet\AppTypeController))
12 SYSTEMPATH\CodeIgniter.php(349): CodeIgniter\CodeIgniter->handleRequest(null, Object(Config\Cache), false)
13 FCPATH\index.php(67): CodeIgniter\CodeIgniter->run()
14 SYSTEMPATH\Commands\Server\rewrite.php(47): require_once('FCPATH\\index.php')
CRITICAL - 2023-03-05 09:51:19 --> Undefined variable $product_categories
in APPPATH\Views\extranet\app_type\index.php on line 50.
 1 APPPATH\Views\extranet\app_type\index.php(50): CodeIgniter\Debug\Exceptions->errorHandler(2, 'Undefined variable $product_categories', 'APPPATH\\Views\\extranet\\app_type\\index.php', 50)
 2 SYSTEMPATH\View\View.php(213): include('APPPATH\\Views\\extranet\\app_type\\index.php')
 3 SYSTEMPATH\View\View.php(216): CodeIgniter\View\View->CodeIgniter\View\{closure}()
 4 SYSTEMPATH\Common.php(1135): CodeIgniter\View\View->render('extranet/app_type/index', [], true)
 5 APPPATH\Controllers\Extranet\AppTypeController.php(19): view('extranet/app_type/index', [...])
 6 SYSTEMPATH\CodeIgniter.php(925): App\Controllers\Extranet\AppTypeController->index()
 7 SYSTEMPATH\CodeIgniter.php(480): CodeIgniter\CodeIgniter->runController(Object(App\Controllers\Extranet\AppTypeController))
 8 SYSTEMPATH\CodeIgniter.php(349): CodeIgniter\CodeIgniter->handleRequest(null, Object(Config\Cache), false)
 9 FCPATH\index.php(67): CodeIgniter\CodeIgniter->run()
10 SYSTEMPATH\Commands\Server\rewrite.php(47): require_once('FCPATH\\index.php')
CRITICAL - 2023-03-05 09:52:06 --> Undefined variable $product_categories
in APPPATH\Views\extranet\app_type\index.php on line 49.
 1 APPPATH\Views\extranet\app_type\index.php(49): CodeIgniter\Debug\Exceptions->errorHandler(2, 'Undefined variable $product_categories', 'APPPATH\\Views\\extranet\\app_type\\index.php', 49)
 2 SYSTEMPATH\View\View.php(213): include('APPPATH\\Views\\extranet\\app_type\\index.php')
 3 SYSTEMPATH\View\View.php(216): CodeIgniter\View\View->CodeIgniter\View\{closure}()
 4 SYSTEMPATH\Common.php(1135): CodeIgniter\View\View->render('extranet/app_type/index', [], true)
 5 APPPATH\Controllers\Extranet\AppTypeController.php(19): view('extranet/app_type/index', [...])
 6 SYSTEMPATH\CodeIgniter.php(925): App\Controllers\Extranet\AppTypeController->index()
 7 SYSTEMPATH\CodeIgniter.php(480): CodeIgniter\CodeIgniter->runController(Object(App\Controllers\Extranet\AppTypeController))
 8 SYSTEMPATH\CodeIgniter.php(349): CodeIgniter\CodeIgniter->handleRequest(null, Object(Config\Cache), false)
 9 FCPATH\index.php(67): CodeIgniter\CodeIgniter->run()
10 SYSTEMPATH\Commands\Server\rewrite.php(47): require_once('FCPATH\\index.php')
CRITICAL - 2023-03-05 09:55:23 --> Undefined property: stdClass::$image
in APPPATH\Views\extranet\app_type\index.php on line 55.
 1 APPPATH\Views\extranet\app_type\index.php(55): CodeIgniter\Debug\Exceptions->errorHandler(2, 'Undefined property: stdClass::$image', 'APPPATH\\Views\\extranet\\app_type\\index.php', 55)
 2 SYSTEMPATH\View\View.php(213): include('APPPATH\\Views\\extranet\\app_type\\index.php')
 3 SYSTEMPATH\View\View.php(216): CodeIgniter\View\View->CodeIgniter\View\{closure}()
 4 SYSTEMPATH\Common.php(1135): CodeIgniter\View\View->render('extranet/app_type/index', [], true)
 5 APPPATH\Controllers\Extranet\AppTypeController.php(19): view('extranet/app_type/index', [...])
 6 SYSTEMPATH\CodeIgniter.php(925): App\Controllers\Extranet\AppTypeController->index()
 7 SYSTEMPATH\CodeIgniter.php(480): CodeIgniter\CodeIgniter->runController(Object(App\Controllers\Extranet\AppTypeController))
 8 SYSTEMPATH\CodeIgniter.php(349): CodeIgniter\CodeIgniter->handleRequest(null, Object(Config\Cache), false)
 9 FCPATH\index.php(67): CodeIgniter\CodeIgniter->run()
10 SYSTEMPATH\Commands\Server\rewrite.php(47): require_once('FCPATH\\index.php')
CRITICAL - 2023-03-05 10:15:27 --> Undefined variable $config
in APPPATH\Views\extranet\components\header.php on line 3.
 1 APPPATH\Views\extranet\components\header.php(3): CodeIgniter\Debug\Exceptions->errorHandler(2, 'Undefined variable $config', 'APPPATH\\Views\\extranet\\components\\header.php', 3)
 2 SYSTEMPATH\View\View.php(213): include('APPPATH\\Views\\extranet\\components\\header.php')
 3 SYSTEMPATH\View\View.php(216): CodeIgniter\View\View->CodeIgniter\View\{closure}()
 4 SYSTEMPATH\View\View.php(431): CodeIgniter\View\View->render('extranet/components/header', null, true)
 5 APPPATH\Views\extranet\app_type\create.php(18): CodeIgniter\View\View->include('extranet/components/header')
 6 SYSTEMPATH\View\View.php(213): include('APPPATH\\Views\\extranet\\app_type\\create.php')
 7 SYSTEMPATH\View\View.php(216): CodeIgniter\View\View->CodeIgniter\View\{closure}()
 8 SYSTEMPATH\Common.php(1135): CodeIgniter\View\View->render('extranet/app_type/create', [], true)
 9 APPPATH\Controllers\Extranet\AppTypeController.php(24): view('extranet/app_type/create')
10 SYSTEMPATH\CodeIgniter.php(925): App\Controllers\Extranet\AppTypeController->create()
11 SYSTEMPATH\CodeIgniter.php(480): CodeIgniter\CodeIgniter->runController(Object(App\Controllers\Extranet\AppTypeController))
12 SYSTEMPATH\CodeIgniter.php(349): CodeIgniter\CodeIgniter->handleRequest(null, Object(Config\Cache), false)
13 FCPATH\index.php(67): CodeIgniter\CodeIgniter->run()
14 SYSTEMPATH\Commands\Server\rewrite.php(47): require_once('FCPATH\\index.php')
CRITICAL - 2023-03-05 10:23:48 --> Undefined variable $config
in APPPATH\Views\extranet\components\header.php on line 3.
 1 APPPATH\Views\extranet\components\header.php(3): CodeIgniter\Debug\Exceptions->errorHandler(2, 'Undefined variable $config', 'APPPATH\\Views\\extranet\\components\\header.php', 3)
 2 SYSTEMPATH\View\View.php(213): include('APPPATH\\Views\\extranet\\components\\header.php')
 3 SYSTEMPATH\View\View.php(216): CodeIgniter\View\View->CodeIgniter\View\{closure}()
 4 SYSTEMPATH\View\View.php(431): CodeIgniter\View\View->render('extranet/components/header', null, true)
 5 APPPATH\Views\extranet\app_type\show.php(18): CodeIgniter\View\View->include('extranet/components/header')
 6 SYSTEMPATH\View\View.php(213): include('APPPATH\\Views\\extranet\\app_type\\show.php')
 7 SYSTEMPATH\View\View.php(216): CodeIgniter\View\View->CodeIgniter\View\{closure}()
 8 SYSTEMPATH\Common.php(1135): CodeIgniter\View\View->render('extranet/app_type/show', [], true)
 9 APPPATH\Controllers\Extranet\AppTypeController.php(57): view('extranet/app_type/show', [...])
10 SYSTEMPATH\CodeIgniter.php(925): App\Controllers\Extranet\AppTypeController->show('0c6dd2a7-bb72-11ed-9b10-b0227a7395f6')
11 SYSTEMPATH\CodeIgniter.php(480): CodeIgniter\CodeIgniter->runController(Object(App\Controllers\Extranet\AppTypeController))
12 SYSTEMPATH\CodeIgniter.php(349): CodeIgniter\CodeIgniter->handleRequest(null, Object(Config\Cache), false)
13 FCPATH\index.php(67): CodeIgniter\CodeIgniter->run()
14 SYSTEMPATH\Commands\Server\rewrite.php(47): require_once('FCPATH\\index.php')
CRITICAL - 2023-03-05 10:24:17 --> Undefined variable $product_category
in APPPATH\Views\extranet\app_type\show.php on line 38.
 1 APPPATH\Views\extranet\app_type\show.php(38): CodeIgniter\Debug\Exceptions->errorHandler(2, 'Undefined variable $product_category', 'APPPATH\\Views\\extranet\\app_type\\show.php', 38)
 2 SYSTEMPATH\View\View.php(213): include('APPPATH\\Views\\extranet\\app_type\\show.php')
 3 SYSTEMPATH\View\View.php(216): CodeIgniter\View\View->CodeIgniter\View\{closure}()
 4 SYSTEMPATH\Common.php(1135): CodeIgniter\View\View->render('extranet/app_type/show', [], true)
 5 APPPATH\Controllers\Extranet\AppTypeController.php(61): view('extranet/app_type/show', [...])
 6 SYSTEMPATH\CodeIgniter.php(925): App\Controllers\Extranet\AppTypeController->show('0c6dd2a7-bb72-11ed-9b10-b0227a7395f6')
 7 SYSTEMPATH\CodeIgniter.php(480): CodeIgniter\CodeIgniter->runController(Object(App\Controllers\Extranet\AppTypeController))
 8 SYSTEMPATH\CodeIgniter.php(349): CodeIgniter\CodeIgniter->handleRequest(null, Object(Config\Cache), false)
 9 FCPATH\index.php(67): CodeIgniter\CodeIgniter->run()
10 SYSTEMPATH\Commands\Server\rewrite.php(47): require_once('FCPATH\\index.php')
CRITICAL - 2023-03-05 10:27:29 --> Undefined variable $config
in APPPATH\Views\extranet\app_type\edit.php on line 8.
 1 APPPATH\Views\extranet\app_type\edit.php(8): CodeIgniter\Debug\Exceptions->errorHandler(2, 'Undefined variable $config', 'APPPATH\\Views\\extranet\\app_type\\edit.php', 8)
 2 SYSTEMPATH\View\View.php(213): include('APPPATH\\Views\\extranet\\app_type\\edit.php')
 3 SYSTEMPATH\View\View.php(216): CodeIgniter\View\View->CodeIgniter\View\{closure}()
 4 SYSTEMPATH\Common.php(1135): CodeIgniter\View\View->render('extranet/app_type/edit', [], true)
 5 APPPATH\Controllers\Extranet\AppTypeController.php(69): view('extranet/app_type/edit', [...])
 6 SYSTEMPATH\CodeIgniter.php(925): App\Controllers\Extranet\AppTypeController->edit('0c6dd2a7-bb72-11ed-9b10-b0227a7395f6')
 7 SYSTEMPATH\CodeIgniter.php(480): CodeIgniter\CodeIgniter->runController(Object(App\Controllers\Extranet\AppTypeController))
 8 SYSTEMPATH\CodeIgniter.php(349): CodeIgniter\CodeIgniter->handleRequest(null, Object(Config\Cache), false)
 9 FCPATH\index.php(67): CodeIgniter\CodeIgniter->run()
10 SYSTEMPATH\Commands\Server\rewrite.php(47): require_once('FCPATH\\index.php')
CRITICAL - 2023-03-05 10:27:53 --> Undefined variable $product_category
in APPPATH\Views\extranet\app_type\edit.php on line 35.
 1 APPPATH\Views\extranet\app_type\edit.php(35): CodeIgniter\Debug\Exceptions->errorHandler(2, 'Undefined variable $product_category', 'APPPATH\\Views\\extranet\\app_type\\edit.php', 35)
 2 SYSTEMPATH\View\View.php(213): include('APPPATH\\Views\\extranet\\app_type\\edit.php')
 3 SYSTEMPATH\View\View.php(216): CodeIgniter\View\View->CodeIgniter\View\{closure}()
 4 SYSTEMPATH\Common.php(1135): CodeIgniter\View\View->render('extranet/app_type/edit', [], true)
 5 APPPATH\Controllers\Extranet\AppTypeController.php(73): view('extranet/app_type/edit', [...])
 6 SYSTEMPATH\CodeIgniter.php(925): App\Controllers\Extranet\AppTypeController->edit('0c6dd2a7-bb72-11ed-9b10-b0227a7395f6')
 7 SYSTEMPATH\CodeIgniter.php(480): CodeIgniter\CodeIgniter->runController(Object(App\Controllers\Extranet\AppTypeController))
 8 SYSTEMPATH\CodeIgniter.php(349): CodeIgniter\CodeIgniter->handleRequest(null, Object(Config\Cache), false)
 9 FCPATH\index.php(67): CodeIgniter\CodeIgniter->run()
10 SYSTEMPATH\Commands\Server\rewrite.php(47): require_once('FCPATH\\index.php')
CRITICAL - 2023-03-05 11:00:32 --> Undefined property: stdClass::$code
in APPPATH\Views\extranet\app_type\index.php on line 57.
 1 APPPATH\Views\extranet\app_type\index.php(57): CodeIgniter\Debug\Exceptions->errorHandler(2, 'Undefined property: stdClass::$code', 'APPPATH\\Views\\extranet\\app_type\\index.php', 57)
 2 SYSTEMPATH\View\View.php(213): include('APPPATH\\Views\\extranet\\app_type\\index.php')
 3 SYSTEMPATH\View\View.php(216): CodeIgniter\View\View->CodeIgniter\View\{closure}()
 4 SYSTEMPATH\Common.php(1135): CodeIgniter\View\View->render('extranet/app_type/index', [], true)
 5 APPPATH\Controllers\Extranet\BrandController.php(19): view('extranet/app_type/index', [...])
 6 SYSTEMPATH\CodeIgniter.php(925): App\Controllers\Extranet\BrandController->index()
 7 SYSTEMPATH\CodeIgniter.php(480): CodeIgniter\CodeIgniter->runController(Object(App\Controllers\Extranet\BrandController))
 8 SYSTEMPATH\CodeIgniter.php(349): CodeIgniter\CodeIgniter->handleRequest(null, Object(Config\Cache), false)
 9 FCPATH\index.php(67): CodeIgniter\CodeIgniter->run()
10 SYSTEMPATH\Commands\Server\rewrite.php(47): require_once('FCPATH\\index.php')
CRITICAL - 2023-03-05 11:04:02 --> Undefined property: stdClass::$code
in APPPATH\Views\extranet\brand\index.php on line 57.
 1 APPPATH\Views\extranet\brand\index.php(57): CodeIgniter\Debug\Exceptions->errorHandler(2, 'Undefined property: stdClass::$code', 'APPPATH\\Views\\extranet\\brand\\index.php', 57)
 2 SYSTEMPATH\View\View.php(213): include('APPPATH\\Views\\extranet\\brand\\index.php')
 3 SYSTEMPATH\View\View.php(216): CodeIgniter\View\View->CodeIgniter\View\{closure}()
 4 SYSTEMPATH\Common.php(1135): CodeIgniter\View\View->render('extranet/brand/index', [], true)
 5 APPPATH\Controllers\Extranet\BrandController.php(19): view('extranet/brand/index', [...])
 6 SYSTEMPATH\CodeIgniter.php(925): App\Controllers\Extranet\BrandController->index()
 7 SYSTEMPATH\CodeIgniter.php(480): CodeIgniter\CodeIgniter->runController(Object(App\Controllers\Extranet\BrandController))
 8 SYSTEMPATH\CodeIgniter.php(349): CodeIgniter\CodeIgniter->handleRequest(null, Object(Config\Cache), false)
 9 FCPATH\index.php(67): CodeIgniter\CodeIgniter->run()
10 SYSTEMPATH\Commands\Server\rewrite.php(47): require_once('FCPATH\\index.php')
CRITICAL - 2023-03-05 11:07:14 --> Undefined variable $app_type
in APPPATH\Views\extranet\brand\show.php on line 38.
 1 APPPATH\Views\extranet\brand\show.php(38): CodeIgniter\Debug\Exceptions->errorHandler(2, 'Undefined variable $app_type', 'APPPATH\\Views\\extranet\\brand\\show.php', 38)
 2 SYSTEMPATH\View\View.php(213): include('APPPATH\\Views\\extranet\\brand\\show.php')
 3 SYSTEMPATH\View\View.php(216): CodeIgniter\View\View->CodeIgniter\View\{closure}()
 4 SYSTEMPATH\Common.php(1135): CodeIgniter\View\View->render('extranet/brand/show', [], true)
 5 APPPATH\Controllers\Extranet\BrandController.php(61): view('extranet/brand/show', [...])
 6 SYSTEMPATH\CodeIgniter.php(925): App\Controllers\Extranet\BrandController->show('2a74e71b-bb78-11ed-9b10-b0227a7395f6')
 7 SYSTEMPATH\CodeIgniter.php(480): CodeIgniter\CodeIgniter->runController(Object(App\Controllers\Extranet\BrandController))
 8 SYSTEMPATH\CodeIgniter.php(349): CodeIgniter\CodeIgniter->handleRequest(null, Object(Config\Cache), false)
 9 FCPATH\index.php(67): CodeIgniter\CodeIgniter->run()
10 SYSTEMPATH\Commands\Server\rewrite.php(47): require_once('FCPATH\\index.php')
CRITICAL - 2023-03-05 11:08:20 --> Undefined variable $app_type
in APPPATH\Views\extranet\brand\show.php on line 38.
 1 APPPATH\Views\extranet\brand\show.php(38): CodeIgniter\Debug\Exceptions->errorHandler(2, 'Undefined variable $app_type', 'APPPATH\\Views\\extranet\\brand\\show.php', 38)
 2 SYSTEMPATH\View\View.php(213): include('APPPATH\\Views\\extranet\\brand\\show.php')
 3 SYSTEMPATH\View\View.php(216): CodeIgniter\View\View->CodeIgniter\View\{closure}()
 4 SYSTEMPATH\Common.php(1135): CodeIgniter\View\View->render('extranet/brand/show', [], true)
 5 APPPATH\Controllers\Extranet\BrandController.php(61): view('extranet/brand/show', [...])
 6 SYSTEMPATH\CodeIgniter.php(925): App\Controllers\Extranet\BrandController->show('2a74e71b-bb78-11ed-9b10-b0227a7395f6')
 7 SYSTEMPATH\CodeIgniter.php(480): CodeIgniter\CodeIgniter->runController(Object(App\Controllers\Extranet\BrandController))
 8 SYSTEMPATH\CodeIgniter.php(349): CodeIgniter\CodeIgniter->handleRequest(null, Object(Config\Cache), false)
 9 FCPATH\index.php(67): CodeIgniter\CodeIgniter->run()
10 SYSTEMPATH\Commands\Server\rewrite.php(47): require_once('FCPATH\\index.php')
CRITICAL - 2023-03-05 11:08:48 --> Undefined variable $app_type
in APPPATH\Views\extranet\brand\edit.php on line 35.
 1 APPPATH\Views\extranet\brand\edit.php(35): CodeIgniter\Debug\Exceptions->errorHandler(2, 'Undefined variable $app_type', 'APPPATH\\Views\\extranet\\brand\\edit.php', 35)
 2 SYSTEMPATH\View\View.php(213): include('APPPATH\\Views\\extranet\\brand\\edit.php')
 3 SYSTEMPATH\View\View.php(216): CodeIgniter\View\View->CodeIgniter\View\{closure}()
 4 SYSTEMPATH\Common.php(1135): CodeIgniter\View\View->render('extranet/brand/edit', [], true)
 5 APPPATH\Controllers\Extranet\BrandController.php(73): view('extranet/brand/edit', [...])
 6 SYSTEMPATH\CodeIgniter.php(925): App\Controllers\Extranet\BrandController->edit('2a74e71b-bb78-11ed-9b10-b0227a7395f6')
 7 SYSTEMPATH\CodeIgniter.php(480): CodeIgniter\CodeIgniter->runController(Object(App\Controllers\Extranet\BrandController))
 8 SYSTEMPATH\CodeIgniter.php(349): CodeIgniter\CodeIgniter->handleRequest(null, Object(Config\Cache), false)
 9 FCPATH\index.php(67): CodeIgniter\CodeIgniter->run()
10 SYSTEMPATH\Commands\Server\rewrite.php(47): require_once('FCPATH\\index.php')
CRITICAL - 2023-03-05 11:09:35 --> Undefined variable $brand_brand_image_name
in APPPATH\Controllers\Extranet\BrandController.php on line 88.
 1 APPPATH\Controllers\Extranet\BrandController.php(88): CodeIgniter\Debug\Exceptions->errorHandler(2, 'Undefined variable $brand_brand_image_name', 'APPPATH\\Controllers\\Extranet\\BrandController.php', 88)
 2 SYSTEMPATH\CodeIgniter.php(925): App\Controllers\Extranet\BrandController->update('2a74e71b-bb78-11ed-9b10-b0227a7395f6')
 3 SYSTEMPATH\CodeIgniter.php(480): CodeIgniter\CodeIgniter->runController(Object(App\Controllers\Extranet\BrandController))
 4 SYSTEMPATH\CodeIgniter.php(349): CodeIgniter\CodeIgniter->handleRequest(null, Object(Config\Cache), false)
 5 FCPATH\index.php(67): CodeIgniter\CodeIgniter->run()
 6 SYSTEMPATH\Commands\Server\rewrite.php(47): require_once('FCPATH\\index.php')
